<?xml version="1.0" encoding="UTF-8"?>
<testsuite xmlns:xsi="http://www.w3.org/2001/XMLSchema-instance" xsi:noNamespaceSchemaLocation="https://maven.apache.org/surefire/maven-surefire-plugin/xsd/surefire-test-report.xsd" name="com.bytmasoft.dss.token.test.UserPrincipalUnitTest" time="0.318" tests="9" errors="0" skipped="0" failures="0">
  <properties>
    <property name="sun.desktop" value="windows"/>
    <property name="awt.toolkit" value="sun.awt.windows.WToolkit"/>
    <property name="file.encoding.pkg" value="sun.io"/>
    <property name="java.specification.version" value="1.8"/>
    <property name="sun.cpu.isalist" value="amd64"/>
    <property name="sun.jnu.encoding" value="Cp1252"/>
    <property name="java.class.path" value="F:\repos_git\microservices\dss\token-service\target\test-classes;F:\repos_git\microservices\dss\token-service\target\classes;F:\maven_repo\org\springframework\boot\spring-boot-starter-web\2.2.5.RELEASE\spring-boot-starter-web-2.2.5.RELEASE.jar;F:\maven_repo\org\springframework\boot\spring-boot-starter\2.2.5.RELEASE\spring-boot-starter-2.2.5.RELEASE.jar;F:\maven_repo\org\springframework\boot\spring-boot\2.2.5.RELEASE\spring-boot-2.2.5.RELEASE.jar;F:\maven_repo\org\springframework\boot\spring-boot-autoconfigure\2.2.5.RELEASE\spring-boot-autoconfigure-2.2.5.RELEASE.jar;F:\maven_repo\org\springframework\boot\spring-boot-starter-logging\2.2.5.RELEASE\spring-boot-starter-logging-2.2.5.RELEASE.jar;F:\maven_repo\ch\qos\logback\logback-classic\1.2.3\logback-classic-1.2.3.jar;F:\maven_repo\ch\qos\logback\logback-core\1.2.3\logback-core-1.2.3.jar;F:\maven_repo\org\apache\logging\log4j\log4j-to-slf4j\2.12.1\log4j-to-slf4j-2.12.1.jar;F:\maven_repo\org\apache\logging\log4j\log4j-api\2.12.1\log4j-api-2.12.1.jar;F:\maven_repo\org\slf4j\jul-to-slf4j\1.7.30\jul-to-slf4j-1.7.30.jar;F:\maven_repo\jakarta\annotation\jakarta.annotation-api\1.3.5\jakarta.annotation-api-1.3.5.jar;F:\maven_repo\org\yaml\snakeyaml\1.25\snakeyaml-1.25.jar;F:\maven_repo\org\springframework\boot\spring-boot-starter-json\2.2.5.RELEASE\spring-boot-starter-json-2.2.5.RELEASE.jar;F:\maven_repo\com\fasterxml\jackson\core\jackson-databind\2.10.2\jackson-databind-2.10.2.jar;F:\maven_repo\com\fasterxml\jackson\datatype\jackson-datatype-jdk8\2.10.2\jackson-datatype-jdk8-2.10.2.jar;F:\maven_repo\com\fasterxml\jackson\datatype\jackson-datatype-jsr310\2.10.2\jackson-datatype-jsr310-2.10.2.jar;F:\maven_repo\com\fasterxml\jackson\module\jackson-module-parameter-names\2.10.2\jackson-module-parameter-names-2.10.2.jar;F:\maven_repo\org\springframework\boot\spring-boot-starter-tomcat\2.2.5.RELEASE\spring-boot-starter-tomcat-2.2.5.RELEASE.jar;F:\maven_repo\org\apache\tomcat\embed\tomcat-embed-core\9.0.31\tomcat-embed-core-9.0.31.jar;F:\maven_repo\org\apache\tomcat\embed\tomcat-embed-el\9.0.31\tomcat-embed-el-9.0.31.jar;F:\maven_repo\org\apache\tomcat\embed\tomcat-embed-websocket\9.0.31\tomcat-embed-websocket-9.0.31.jar;F:\maven_repo\org\springframework\boot\spring-boot-starter-validation\2.2.5.RELEASE\spring-boot-starter-validation-2.2.5.RELEASE.jar;F:\maven_repo\jakarta\validation\jakarta.validation-api\2.0.2\jakarta.validation-api-2.0.2.jar;F:\maven_repo\org\hibernate\validator\hibernate-validator\6.0.18.Final\hibernate-validator-6.0.18.Final.jar;F:\maven_repo\org\jboss\logging\jboss-logging\3.4.1.Final\jboss-logging-3.4.1.Final.jar;F:\maven_repo\org\springframework\spring-web\5.2.4.RELEASE\spring-web-5.2.4.RELEASE.jar;F:\maven_repo\org\springframework\spring-beans\5.2.4.RELEASE\spring-beans-5.2.4.RELEASE.jar;F:\maven_repo\org\springframework\spring-webmvc\5.2.4.RELEASE\spring-webmvc-5.2.4.RELEASE.jar;F:\maven_repo\org\springframework\spring-context\5.2.4.RELEASE\spring-context-5.2.4.RELEASE.jar;F:\maven_repo\org\springframework\spring-expression\5.2.4.RELEASE\spring-expression-5.2.4.RELEASE.jar;F:\maven_repo\org\springframework\boot\spring-boot-starter-security\2.2.5.RELEASE\spring-boot-starter-security-2.2.5.RELEASE.jar;F:\maven_repo\org\springframework\spring-aop\5.2.4.RELEASE\spring-aop-5.2.4.RELEASE.jar;F:\maven_repo\org\springframework\security\spring-security-config\5.2.2.RELEASE\spring-security-config-5.2.2.RELEASE.jar;F:\maven_repo\org\springframework\security\spring-security-core\5.2.2.RELEASE\spring-security-core-5.2.2.RELEASE.jar;F:\maven_repo\org\springframework\security\spring-security-web\5.2.2.RELEASE\spring-security-web-5.2.2.RELEASE.jar;F:\maven_repo\org\springframework\boot\spring-boot-starter-test\2.2.5.RELEASE\spring-boot-starter-test-2.2.5.RELEASE.jar;F:\maven_repo\org\springframework\boot\spring-boot-test\2.2.5.RELEASE\spring-boot-test-2.2.5.RELEASE.jar;F:\maven_repo\org\springframework\boot\spring-boot-test-autoconfigure\2.2.5.RELEASE\spring-boot-test-autoconfigure-2.2.5.RELEASE.jar;F:\maven_repo\com\jayway\jsonpath\json-path\2.4.0\json-path-2.4.0.jar;F:\maven_repo\org\slf4j\slf4j-api\1.7.30\slf4j-api-1.7.30.jar;F:\maven_repo\jakarta\xml\bind\jakarta.xml.bind-api\2.3.2\jakarta.xml.bind-api-2.3.2.jar;F:\maven_repo\jakarta\activation\jakarta.activation-api\1.2.2\jakarta.activation-api-1.2.2.jar;F:\maven_repo\org\junit\jupiter\junit-jupiter\5.5.2\junit-jupiter-5.5.2.jar;F:\maven_repo\org\junit\jupiter\junit-jupiter-api\5.5.2\junit-jupiter-api-5.5.2.jar;F:\maven_repo\org\apiguardian\apiguardian-api\1.1.0\apiguardian-api-1.1.0.jar;F:\maven_repo\org\opentest4j\opentest4j\1.2.0\opentest4j-1.2.0.jar;F:\maven_repo\org\junit\platform\junit-platform-commons\1.5.2\junit-platform-commons-1.5.2.jar;F:\maven_repo\org\junit\jupiter\junit-jupiter-params\5.5.2\junit-jupiter-params-5.5.2.jar;F:\maven_repo\org\junit\jupiter\junit-jupiter-engine\5.5.2\junit-jupiter-engine-5.5.2.jar;F:\maven_repo\org\junit\platform\junit-platform-engine\1.5.2\junit-platform-engine-1.5.2.jar;F:\maven_repo\org\mockito\mockito-junit-jupiter\3.1.0\mockito-junit-jupiter-3.1.0.jar;F:\maven_repo\org\assertj\assertj-core\3.13.2\assertj-core-3.13.2.jar;F:\maven_repo\org\hamcrest\hamcrest\2.1\hamcrest-2.1.jar;F:\maven_repo\org\mockito\mockito-core\3.1.0\mockito-core-3.1.0.jar;F:\maven_repo\net\bytebuddy\byte-buddy\1.10.8\byte-buddy-1.10.8.jar;F:\maven_repo\net\bytebuddy\byte-buddy-agent\1.10.8\byte-buddy-agent-1.10.8.jar;F:\maven_repo\org\objenesis\objenesis\2.6\objenesis-2.6.jar;F:\maven_repo\org\skyscreamer\jsonassert\1.5.0\jsonassert-1.5.0.jar;F:\maven_repo\com\vaadin\external\google\android-json\0.0.20131108.vaadin1\android-json-0.0.20131108.vaadin1.jar;F:\maven_repo\org\springframework\spring-core\5.2.4.RELEASE\spring-core-5.2.4.RELEASE.jar;F:\maven_repo\org\springframework\spring-jcl\5.2.4.RELEASE\spring-jcl-5.2.4.RELEASE.jar;F:\maven_repo\org\springframework\spring-test\5.2.4.RELEASE\spring-test-5.2.4.RELEASE.jar;F:\maven_repo\org\xmlunit\xmlunit-core\2.6.3\xmlunit-core-2.6.3.jar;F:\maven_repo\com\nimbusds\nimbus-jose-jwt\8.4\nimbus-jose-jwt-8.4.jar;F:\maven_repo\com\github\stephenc\jcip\jcip-annotations\1.0-1\jcip-annotations-1.0-1.jar;F:\maven_repo\net\minidev\json-smart\2.3\json-smart-2.3.jar;F:\maven_repo\net\minidev\accessors-smart\1.2\accessors-smart-1.2.jar;F:\maven_repo\org\ow2\asm\asm\5.0.4\asm-5.0.4.jar;F:\repos_git\microservices\dss\domain\target\domain-0.0.1-SNAPSHOT.jar;F:\maven_repo\org\springframework\boot\spring-boot-starter-data-jpa\2.2.5.RELEASE\spring-boot-starter-data-jpa-2.2.5.RELEASE.jar;F:\maven_repo\org\springframework\boot\spring-boot-starter-aop\2.2.5.RELEASE\spring-boot-starter-aop-2.2.5.RELEASE.jar;F:\maven_repo\org\aspectj\aspectjweaver\1.9.5\aspectjweaver-1.9.5.jar;F:\maven_repo\org\springframework\boot\spring-boot-starter-jdbc\2.2.5.RELEASE\spring-boot-starter-jdbc-2.2.5.RELEASE.jar;F:\maven_repo\com\zaxxer\HikariCP\3.4.2\HikariCP-3.4.2.jar;F:\maven_repo\org\springframework\spring-jdbc\5.2.4.RELEASE\spring-jdbc-5.2.4.RELEASE.jar;F:\maven_repo\jakarta\persistence\jakarta.persistence-api\2.2.3\jakarta.persistence-api-2.2.3.jar;F:\maven_repo\jakarta\transaction\jakarta.transaction-api\1.3.3\jakarta.transaction-api-1.3.3.jar;F:\maven_repo\org\hibernate\hibernate-core\5.4.12.Final\hibernate-core-5.4.12.Final.jar;F:\maven_repo\org\javassist\javassist\3.24.0-GA\javassist-3.24.0-GA.jar;F:\maven_repo\antlr\antlr\2.7.7\antlr-2.7.7.jar;F:\maven_repo\org\jboss\jandex\2.1.1.Final\jandex-2.1.1.Final.jar;F:\maven_repo\org\dom4j\dom4j\2.1.1\dom4j-2.1.1.jar;F:\maven_repo\org\hibernate\common\hibernate-commons-annotations\5.1.0.Final\hibernate-commons-annotations-5.1.0.Final.jar;F:\maven_repo\org\glassfish\jaxb\jaxb-runtime\2.3.2\jaxb-runtime-2.3.2.jar;F:\maven_repo\org\glassfish\jaxb\txw2\2.3.2\txw2-2.3.2.jar;F:\maven_repo\com\sun\istack\istack-commons-runtime\3.0.8\istack-commons-runtime-3.0.8.jar;F:\maven_repo\org\jvnet\staxex\stax-ex\1.8.1\stax-ex-1.8.1.jar;F:\maven_repo\com\sun\xml\fastinfoset\FastInfoset\1.2.16\FastInfoset-1.2.16.jar;F:\maven_repo\org\springframework\data\spring-data-jpa\2.2.5.RELEASE\spring-data-jpa-2.2.5.RELEASE.jar;F:\maven_repo\org\springframework\data\spring-data-commons\2.2.5.RELEASE\spring-data-commons-2.2.5.RELEASE.jar;F:\maven_repo\org\springframework\spring-orm\5.2.4.RELEASE\spring-orm-5.2.4.RELEASE.jar;F:\maven_repo\org\springframework\spring-tx\5.2.4.RELEASE\spring-tx-5.2.4.RELEASE.jar;F:\maven_repo\org\springframework\spring-aspects\5.2.4.RELEASE\spring-aspects-5.2.4.RELEASE.jar;F:\maven_repo\com\fasterxml\jackson\dataformat\jackson-dataformat-xml\2.10.2\jackson-dataformat-xml-2.10.2.jar;F:\maven_repo\com\fasterxml\jackson\core\jackson-core\2.10.2\jackson-core-2.10.2.jar;F:\maven_repo\com\fasterxml\jackson\core\jackson-annotations\2.10.2\jackson-annotations-2.10.2.jar;F:\maven_repo\com\fasterxml\jackson\module\jackson-module-jaxb-annotations\2.10.2\jackson-module-jaxb-annotations-2.10.2.jar;F:\maven_repo\org\codehaus\woodstox\stax2-api\4.2\stax2-api-4.2.jar;F:\maven_repo\com\fasterxml\woodstox\woodstox-core\6.0.3\woodstox-core-6.0.3.jar;F:\maven_repo\io\springfox\springfox-swagger2\2.9.2\springfox-swagger2-2.9.2.jar;F:\maven_repo\io\swagger\swagger-annotations\1.5.20\swagger-annotations-1.5.20.jar;F:\maven_repo\io\swagger\swagger-models\1.5.20\swagger-models-1.5.20.jar;F:\maven_repo\io\springfox\springfox-spi\2.9.2\springfox-spi-2.9.2.jar;F:\maven_repo\io\springfox\springfox-core\2.9.2\springfox-core-2.9.2.jar;F:\maven_repo\io\springfox\springfox-schema\2.9.2\springfox-schema-2.9.2.jar;F:\maven_repo\io\springfox\springfox-swagger-common\2.9.2\springfox-swagger-common-2.9.2.jar;F:\maven_repo\io\springfox\springfox-spring-web\2.9.2\springfox-spring-web-2.9.2.jar;F:\maven_repo\com\fasterxml\classmate\1.5.1\classmate-1.5.1.jar;F:\maven_repo\org\springframework\plugin\spring-plugin-core\1.2.0.RELEASE\spring-plugin-core-1.2.0.RELEASE.jar;F:\maven_repo\org\springframework\plugin\spring-plugin-metadata\1.2.0.RELEASE\spring-plugin-metadata-1.2.0.RELEASE.jar;F:\maven_repo\org\mapstruct\mapstruct\1.2.0.Final\mapstruct-1.2.0.Final.jar;F:\repos_git\microservices\dss\common\target\common-0.0.1-SNAPSHOT.jar;F:\maven_repo\org\projectlombok\lombok\1.18.12\lombok-1.18.12.jar;F:\maven_repo\com\google\guava\guava\28.2-jre\guava-28.2-jre.jar;F:\maven_repo\com\google\guava\failureaccess\1.0.1\failureaccess-1.0.1.jar;F:\maven_repo\com\google\guava\listenablefuture\9999.0-empty-to-avoid-conflict-with-guava\listenablefuture-9999.0-empty-to-avoid-conflict-with-guava.jar;F:\maven_repo\com\google\code\findbugs\jsr305\3.0.2\jsr305-3.0.2.jar;F:\maven_repo\org\checkerframework\checker-qual\2.10.0\checker-qual-2.10.0.jar;F:\maven_repo\com\google\errorprone\error_prone_annotations\2.3.4\error_prone_annotations-2.3.4.jar;F:\maven_repo\com\google\j2objc\j2objc-annotations\1.3\j2objc-annotations-1.3.jar;"/>
    <property name="java.vm.vendor" value="Oracle Corporation"/>
    <property name="sun.arch.data.model" value="64"/>
    <property name="user.variant" value=""/>
    <property name="java.vendor.url" value="http://java.oracle.com/"/>
    <property name="user.timezone" value="Europe/Berlin"/>
    <property name="java.vm.specification.version" value="1.8"/>
    <property name="os.name" value="Windows 10"/>
    <property name="user.country" value="DE"/>
    <property name="sun.java.launcher" value="SUN_STANDARD"/>
    <property name="sun.boot.library.path" value="C:\Program Files\Java\jdk1.8.0_144\jre\bin"/>
    <property name="sun.java.command" value="C:\Users\Mahamat\AppData\Local\Temp\surefire5159507545158850138\surefirebooter7459930791271862115.jar C:\Users\Mahamat\AppData\Local\Temp\surefire5159507545158850138 2021-05-27T18-10-37_109-jvmRun1 surefire6432297462939352235tmp surefire_02183585900184351113tmp"/>
    <property name="surefire.test.class.path" value="F:\repos_git\microservices\dss\token-service\target\test-classes;F:\repos_git\microservices\dss\token-service\target\classes;F:\maven_repo\org\springframework\boot\spring-boot-starter-web\2.2.5.RELEASE\spring-boot-starter-web-2.2.5.RELEASE.jar;F:\maven_repo\org\springframework\boot\spring-boot-starter\2.2.5.RELEASE\spring-boot-starter-2.2.5.RELEASE.jar;F:\maven_repo\org\springframework\boot\spring-boot\2.2.5.RELEASE\spring-boot-2.2.5.RELEASE.jar;F:\maven_repo\org\springframework\boot\spring-boot-autoconfigure\2.2.5.RELEASE\spring-boot-autoconfigure-2.2.5.RELEASE.jar;F:\maven_repo\org\springframework\boot\spring-boot-starter-logging\2.2.5.RELEASE\spring-boot-starter-logging-2.2.5.RELEASE.jar;F:\maven_repo\ch\qos\logback\logback-classic\1.2.3\logback-classic-1.2.3.jar;F:\maven_repo\ch\qos\logback\logback-core\1.2.3\logback-core-1.2.3.jar;F:\maven_repo\org\apache\logging\log4j\log4j-to-slf4j\2.12.1\log4j-to-slf4j-2.12.1.jar;F:\maven_repo\org\apache\logging\log4j\log4j-api\2.12.1\log4j-api-2.12.1.jar;F:\maven_repo\org\slf4j\jul-to-slf4j\1.7.30\jul-to-slf4j-1.7.30.jar;F:\maven_repo\jakarta\annotation\jakarta.annotation-api\1.3.5\jakarta.annotation-api-1.3.5.jar;F:\maven_repo\org\yaml\snakeyaml\1.25\snakeyaml-1.25.jar;F:\maven_repo\org\springframework\boot\spring-boot-starter-json\2.2.5.RELEASE\spring-boot-starter-json-2.2.5.RELEASE.jar;F:\maven_repo\com\fasterxml\jackson\core\jackson-databind\2.10.2\jackson-databind-2.10.2.jar;F:\maven_repo\com\fasterxml\jackson\datatype\jackson-datatype-jdk8\2.10.2\jackson-datatype-jdk8-2.10.2.jar;F:\maven_repo\com\fasterxml\jackson\datatype\jackson-datatype-jsr310\2.10.2\jackson-datatype-jsr310-2.10.2.jar;F:\maven_repo\com\fasterxml\jackson\module\jackson-module-parameter-names\2.10.2\jackson-module-parameter-names-2.10.2.jar;F:\maven_repo\org\springframework\boot\spring-boot-starter-tomcat\2.2.5.RELEASE\spring-boot-starter-tomcat-2.2.5.RELEASE.jar;F:\maven_repo\org\apache\tomcat\embed\tomcat-embed-core\9.0.31\tomcat-embed-core-9.0.31.jar;F:\maven_repo\org\apache\tomcat\embed\tomcat-embed-el\9.0.31\tomcat-embed-el-9.0.31.jar;F:\maven_repo\org\apache\tomcat\embed\tomcat-embed-websocket\9.0.31\tomcat-embed-websocket-9.0.31.jar;F:\maven_repo\org\springframework\boot\spring-boot-starter-validation\2.2.5.RELEASE\spring-boot-starter-validation-2.2.5.RELEASE.jar;F:\maven_repo\jakarta\validation\jakarta.validation-api\2.0.2\jakarta.validation-api-2.0.2.jar;F:\maven_repo\org\hibernate\validator\hibernate-validator\6.0.18.Final\hibernate-validator-6.0.18.Final.jar;F:\maven_repo\org\jboss\logging\jboss-logging\3.4.1.Final\jboss-logging-3.4.1.Final.jar;F:\maven_repo\org\springframework\spring-web\5.2.4.RELEASE\spring-web-5.2.4.RELEASE.jar;F:\maven_repo\org\springframework\spring-beans\5.2.4.RELEASE\spring-beans-5.2.4.RELEASE.jar;F:\maven_repo\org\springframework\spring-webmvc\5.2.4.RELEASE\spring-webmvc-5.2.4.RELEASE.jar;F:\maven_repo\org\springframework\spring-context\5.2.4.RELEASE\spring-context-5.2.4.RELEASE.jar;F:\maven_repo\org\springframework\spring-expression\5.2.4.RELEASE\spring-expression-5.2.4.RELEASE.jar;F:\maven_repo\org\springframework\boot\spring-boot-starter-security\2.2.5.RELEASE\spring-boot-starter-security-2.2.5.RELEASE.jar;F:\maven_repo\org\springframework\spring-aop\5.2.4.RELEASE\spring-aop-5.2.4.RELEASE.jar;F:\maven_repo\org\springframework\security\spring-security-config\5.2.2.RELEASE\spring-security-config-5.2.2.RELEASE.jar;F:\maven_repo\org\springframework\security\spring-security-core\5.2.2.RELEASE\spring-security-core-5.2.2.RELEASE.jar;F:\maven_repo\org\springframework\security\spring-security-web\5.2.2.RELEASE\spring-security-web-5.2.2.RELEASE.jar;F:\maven_repo\org\springframework\boot\spring-boot-starter-test\2.2.5.RELEASE\spring-boot-starter-test-2.2.5.RELEASE.jar;F:\maven_repo\org\springframework\boot\spring-boot-test\2.2.5.RELEASE\spring-boot-test-2.2.5.RELEASE.jar;F:\maven_repo\org\springframework\boot\spring-boot-test-autoconfigure\2.2.5.RELEASE\spring-boot-test-autoconfigure-2.2.5.RELEASE.jar;F:\maven_repo\com\jayway\jsonpath\json-path\2.4.0\json-path-2.4.0.jar;F:\maven_repo\org\slf4j\slf4j-api\1.7.30\slf4j-api-1.7.30.jar;F:\maven_repo\jakarta\xml\bind\jakarta.xml.bind-api\2.3.2\jakarta.xml.bind-api-2.3.2.jar;F:\maven_repo\jakarta\activation\jakarta.activation-api\1.2.2\jakarta.activation-api-1.2.2.jar;F:\maven_repo\org\junit\jupiter\junit-jupiter\5.5.2\junit-jupiter-5.5.2.jar;F:\maven_repo\org\junit\jupiter\junit-jupiter-api\5.5.2\junit-jupiter-api-5.5.2.jar;F:\maven_repo\org\apiguardian\apiguardian-api\1.1.0\apiguardian-api-1.1.0.jar;F:\maven_repo\org\opentest4j\opentest4j\1.2.0\opentest4j-1.2.0.jar;F:\maven_repo\org\junit\platform\junit-platform-commons\1.5.2\junit-platform-commons-1.5.2.jar;F:\maven_repo\org\junit\jupiter\junit-jupiter-params\5.5.2\junit-jupiter-params-5.5.2.jar;F:\maven_repo\org\junit\jupiter\junit-jupiter-engine\5.5.2\junit-jupiter-engine-5.5.2.jar;F:\maven_repo\org\junit\platform\junit-platform-engine\1.5.2\junit-platform-engine-1.5.2.jar;F:\maven_repo\org\mockito\mockito-junit-jupiter\3.1.0\mockito-junit-jupiter-3.1.0.jar;F:\maven_repo\org\assertj\assertj-core\3.13.2\assertj-core-3.13.2.jar;F:\maven_repo\org\hamcrest\hamcrest\2.1\hamcrest-2.1.jar;F:\maven_repo\org\mockito\mockito-core\3.1.0\mockito-core-3.1.0.jar;F:\maven_repo\net\bytebuddy\byte-buddy\1.10.8\byte-buddy-1.10.8.jar;F:\maven_repo\net\bytebuddy\byte-buddy-agent\1.10.8\byte-buddy-agent-1.10.8.jar;F:\maven_repo\org\objenesis\objenesis\2.6\objenesis-2.6.jar;F:\maven_repo\org\skyscreamer\jsonassert\1.5.0\jsonassert-1.5.0.jar;F:\maven_repo\com\vaadin\external\google\android-json\0.0.20131108.vaadin1\android-json-0.0.20131108.vaadin1.jar;F:\maven_repo\org\springframework\spring-core\5.2.4.RELEASE\spring-core-5.2.4.RELEASE.jar;F:\maven_repo\org\springframework\spring-jcl\5.2.4.RELEASE\spring-jcl-5.2.4.RELEASE.jar;F:\maven_repo\org\springframework\spring-test\5.2.4.RELEASE\spring-test-5.2.4.RELEASE.jar;F:\maven_repo\org\xmlunit\xmlunit-core\2.6.3\xmlunit-core-2.6.3.jar;F:\maven_repo\com\nimbusds\nimbus-jose-jwt\8.4\nimbus-jose-jwt-8.4.jar;F:\maven_repo\com\github\stephenc\jcip\jcip-annotations\1.0-1\jcip-annotations-1.0-1.jar;F:\maven_repo\net\minidev\json-smart\2.3\json-smart-2.3.jar;F:\maven_repo\net\minidev\accessors-smart\1.2\accessors-smart-1.2.jar;F:\maven_repo\org\ow2\asm\asm\5.0.4\asm-5.0.4.jar;F:\repos_git\microservices\dss\domain\target\domain-0.0.1-SNAPSHOT.jar;F:\maven_repo\org\springframework\boot\spring-boot-starter-data-jpa\2.2.5.RELEASE\spring-boot-starter-data-jpa-2.2.5.RELEASE.jar;F:\maven_repo\org\springframework\boot\spring-boot-starter-aop\2.2.5.RELEASE\spring-boot-starter-aop-2.2.5.RELEASE.jar;F:\maven_repo\org\aspectj\aspectjweaver\1.9.5\aspectjweaver-1.9.5.jar;F:\maven_repo\org\springframework\boot\spring-boot-starter-jdbc\2.2.5.RELEASE\spring-boot-starter-jdbc-2.2.5.RELEASE.jar;F:\maven_repo\com\zaxxer\HikariCP\3.4.2\HikariCP-3.4.2.jar;F:\maven_repo\org\springframework\spring-jdbc\5.2.4.RELEASE\spring-jdbc-5.2.4.RELEASE.jar;F:\maven_repo\jakarta\persistence\jakarta.persistence-api\2.2.3\jakarta.persistence-api-2.2.3.jar;F:\maven_repo\jakarta\transaction\jakarta.transaction-api\1.3.3\jakarta.transaction-api-1.3.3.jar;F:\maven_repo\org\hibernate\hibernate-core\5.4.12.Final\hibernate-core-5.4.12.Final.jar;F:\maven_repo\org\javassist\javassist\3.24.0-GA\javassist-3.24.0-GA.jar;F:\maven_repo\antlr\antlr\2.7.7\antlr-2.7.7.jar;F:\maven_repo\org\jboss\jandex\2.1.1.Final\jandex-2.1.1.Final.jar;F:\maven_repo\org\dom4j\dom4j\2.1.1\dom4j-2.1.1.jar;F:\maven_repo\org\hibernate\common\hibernate-commons-annotations\5.1.0.Final\hibernate-commons-annotations-5.1.0.Final.jar;F:\maven_repo\org\glassfish\jaxb\jaxb-runtime\2.3.2\jaxb-runtime-2.3.2.jar;F:\maven_repo\org\glassfish\jaxb\txw2\2.3.2\txw2-2.3.2.jar;F:\maven_repo\com\sun\istack\istack-commons-runtime\3.0.8\istack-commons-runtime-3.0.8.jar;F:\maven_repo\org\jvnet\staxex\stax-ex\1.8.1\stax-ex-1.8.1.jar;F:\maven_repo\com\sun\xml\fastinfoset\FastInfoset\1.2.16\FastInfoset-1.2.16.jar;F:\maven_repo\org\springframework\data\spring-data-jpa\2.2.5.RELEASE\spring-data-jpa-2.2.5.RELEASE.jar;F:\maven_repo\org\springframework\data\spring-data-commons\2.2.5.RELEASE\spring-data-commons-2.2.5.RELEASE.jar;F:\maven_repo\org\springframework\spring-orm\5.2.4.RELEASE\spring-orm-5.2.4.RELEASE.jar;F:\maven_repo\org\springframework\spring-tx\5.2.4.RELEASE\spring-tx-5.2.4.RELEASE.jar;F:\maven_repo\org\springframework\spring-aspects\5.2.4.RELEASE\spring-aspects-5.2.4.RELEASE.jar;F:\maven_repo\com\fasterxml\jackson\dataformat\jackson-dataformat-xml\2.10.2\jackson-dataformat-xml-2.10.2.jar;F:\maven_repo\com\fasterxml\jackson\core\jackson-core\2.10.2\jackson-core-2.10.2.jar;F:\maven_repo\com\fasterxml\jackson\core\jackson-annotations\2.10.2\jackson-annotations-2.10.2.jar;F:\maven_repo\com\fasterxml\jackson\module\jackson-module-jaxb-annotations\2.10.2\jackson-module-jaxb-annotations-2.10.2.jar;F:\maven_repo\org\codehaus\woodstox\stax2-api\4.2\stax2-api-4.2.jar;F:\maven_repo\com\fasterxml\woodstox\woodstox-core\6.0.3\woodstox-core-6.0.3.jar;F:\maven_repo\io\springfox\springfox-swagger2\2.9.2\springfox-swagger2-2.9.2.jar;F:\maven_repo\io\swagger\swagger-annotations\1.5.20\swagger-annotations-1.5.20.jar;F:\maven_repo\io\swagger\swagger-models\1.5.20\swagger-models-1.5.20.jar;F:\maven_repo\io\springfox\springfox-spi\2.9.2\springfox-spi-2.9.2.jar;F:\maven_repo\io\springfox\springfox-core\2.9.2\springfox-core-2.9.2.jar;F:\maven_repo\io\springfox\springfox-schema\2.9.2\springfox-schema-2.9.2.jar;F:\maven_repo\io\springfox\springfox-swagger-common\2.9.2\springfox-swagger-common-2.9.2.jar;F:\maven_repo\io\springfox\springfox-spring-web\2.9.2\springfox-spring-web-2.9.2.jar;F:\maven_repo\com\fasterxml\classmate\1.5.1\classmate-1.5.1.jar;F:\maven_repo\org\springframework\plugin\spring-plugin-core\1.2.0.RELEASE\spring-plugin-core-1.2.0.RELEASE.jar;F:\maven_repo\org\springframework\plugin\spring-plugin-metadata\1.2.0.RELEASE\spring-plugin-metadata-1.2.0.RELEASE.jar;F:\maven_repo\org\mapstruct\mapstruct\1.2.0.Final\mapstruct-1.2.0.Final.jar;F:\repos_git\microservices\dss\common\target\common-0.0.1-SNAPSHOT.jar;F:\maven_repo\org\projectlombok\lombok\1.18.12\lombok-1.18.12.jar;F:\maven_repo\com\google\guava\guava\28.2-jre\guava-28.2-jre.jar;F:\maven_repo\com\google\guava\failureaccess\1.0.1\failureaccess-1.0.1.jar;F:\maven_repo\com\google\guava\listenablefuture\9999.0-empty-to-avoid-conflict-with-guava\listenablefuture-9999.0-empty-to-avoid-conflict-with-guava.jar;F:\maven_repo\com\google\code\findbugs\jsr305\3.0.2\jsr305-3.0.2.jar;F:\maven_repo\org\checkerframework\checker-qual\2.10.0\checker-qual-2.10.0.jar;F:\maven_repo\com\google\errorprone\error_prone_annotations\2.3.4\error_prone_annotations-2.3.4.jar;F:\maven_repo\com\google\j2objc\j2objc-annotations\1.3\j2objc-annotations-1.3.jar;"/>
    <property name="sun.cpu.endian" value="little"/>
    <property name="user.home" value="C:\Users\Mahamat"/>
    <property name="user.language" value="de"/>
    <property name="java.specification.vendor" value="Oracle Corporation"/>
    <property name="java.home" value="C:\Program Files\Java\jdk1.8.0_144\jre"/>
    <property name="basedir" value="F:\repos_git\microservices\dss\token-service"/>
    <property name="file.separator" value="\"/>
    <property name="line.separator" value="&#10;"/>
    <property name="java.vm.specification.vendor" value="Oracle Corporation"/>
    <property name="java.specification.name" value="Java Platform API Specification"/>
    <property name="java.awt.graphicsenv" value="sun.awt.Win32GraphicsEnvironment"/>
    <property name="surefire.real.class.path" value="C:\Users\Mahamat\AppData\Local\Temp\surefire5159507545158850138\surefirebooter7459930791271862115.jar"/>
    <property name="sun.boot.class.path" value="C:\Program Files\Java\jdk1.8.0_144\jre\lib\resources.jar;C:\Program Files\Java\jdk1.8.0_144\jre\lib\rt.jar;C:\Program Files\Java\jdk1.8.0_144\jre\lib\sunrsasign.jar;C:\Program Files\Java\jdk1.8.0_144\jre\lib\jsse.jar;C:\Program Files\Java\jdk1.8.0_144\jre\lib\jce.jar;C:\Program Files\Java\jdk1.8.0_144\jre\lib\charsets.jar;C:\Program Files\Java\jdk1.8.0_144\jre\lib\jfr.jar;C:\Program Files\Java\jdk1.8.0_144\jre\classes"/>
    <property name="user.script" value=""/>
    <property name="sun.management.compiler" value="HotSpot 64-Bit Tiered Compilers"/>
    <property name="java.runtime.version" value="1.8.0_144-b01"/>
    <property name="user.name" value="Mahamat"/>
    <property name="path.separator" value=";"/>
    <property name="os.version" value="10.0"/>
    <property name="java.endorsed.dirs" value="C:\Program Files\Java\jdk1.8.0_144\jre\lib\endorsed"/>
    <property name="java.runtime.name" value="Java(TM) SE Runtime Environment"/>
    <property name="file.encoding" value="Cp1252"/>
    <property name="java.vm.name" value="Java HotSpot(TM) 64-Bit Server VM"/>
    <property name="localRepository" value="F:\maven_repo"/>
    <property name="java.vendor.url.bug" value="http://bugreport.sun.com/bugreport/"/>
    <property name="java.io.tmpdir" value="C:\Users\Mahamat\AppData\Local\Temp\"/>
    <property name="java.version" value="1.8.0_144"/>
    <property name="user.dir" value="F:\repos_git\microservices\dss\token-service"/>
    <property name="os.arch" value="amd64"/>
    <property name="java.vm.specification.name" value="Java Virtual Machine Specification"/>
    <property name="java.awt.printerjob" value="sun.awt.windows.WPrinterJob"/>
    <property name="sun.os.patch.level" value=""/>
    <property name="java.library.path" value="C:\Program Files\Java\jdk1.8.0_144\jre\bin;C:\WINDOWS\Sun\Java\bin;C:\WINDOWS\system32;C:\WINDOWS;C:/Users/Mahamat/.p2/pool/plugins/org.eclipse.justj.openjdk.hotspot.jre.full.win32.x86_64_15.0.2.v20210201-0955/jre/bin/server;C:/Users/Mahamat/.p2/pool/plugins/org.eclipse.justj.openjdk.hotspot.jre.full.win32.x86_64_15.0.2.v20210201-0955/jre/bin;c:\program files\graphicsmagick-1.3.34-q16;C:\Program Files\Java\jdk-12.0.1\bin;C:\oraclexe\app\oracle\product\11.2.0\server\bin;C:\Program Files (x86)\Lenovo\FusionEngine;C:\Program Files (x86)\NVIDIA Corporation\PhysX\Common;C:\Program Files (x86)\Intel\iCLS Client\;C:\Program Files\Intel\iCLS Client\;C:\WINDOWS\system32;C:\WINDOWS;C:\WINDOWS\System32\Wbem;C:\WINDOWS\System32\WindowsPowerShell\v1.0\;C:\Program Files\Intel\Intel(R) Management Engine Components\DAL;C:\Program Files\Intel\Intel(R) Management Engine Components\IPT;C:\Program Files (x86)\Intel\Intel(R) Management Engine Components\DAL;C:\Program Files (x86)\Intel\Intel(R) Management Engine Components\IPT;C:\Program Files (x86)\Lenovo\Motion Control\;C:\Program Files (x86)\Common Files\lenovo\easyplussdk\bin;C:\Program Files\Java\apache-ant-1.9.6\bin;C:\Program Files (x86)\Bitvise SSH Client;C:\Program Files (x86)\Windows Live\Shared;C:\wildfly-11.0.0.Final\bin;C:\wildfly-11.0.0.Final\bin;C:\Program Files\Java\gradle-4.3.1\bin;C:\Program Files\Java\spring-1.5.9.RELEASE\bin;C:\PostgreSQL\pg10\bin;C:\WINDOWS\System32\OpenSSH\;%MAVEN_HOME&amp;\bin;C:\Program Files\Java\apache-maven-3.5.4\bin;C:\Program Files\Java\spring_cli_2.0.5.release\bin;C:\ProgramData\chocolatey\bin;C:\Program Files\Java\jdk-12.0.1\bin;C:\ProgramData\Oracle\Java\javapath;C:\Program Files\Microsoft VS Code\bin;C:\Program Files\nodejs\;C:\Program Files\MongoDB\Server\4.2\bin;C:\Program Files\MySQL\MySQL Server 8.0\bin;C:\xampp\php;C:\composer;C:\Program Files\OpenSSL-Win64\bin;%ROO_HOME%\bin;C:\spring-roo-2.0.0.RELEASE\bin;C:\Users\Mahamat\AppData\Local\Programs\Python\Python38\Scripts;C:\Program Files\Docker\Docker\resources\bin;C:\ProgramData\DockerDesktop\version-bin;C:\Program Files\TortoiseGit\bin;C:\Users\Mahamat\AppData\Local\Programs\Python\Python38\Scripts\;C:\Users\Mahamat\AppData\Local\Programs\Python\Python38\;C:\Users\Mahamat\AppData\Local\Programs\Python\Python38-32\Scripts\;C:\Users\Mahamat\AppData\Local\Programs\Python\Python38-32\;C:\Users\Mahamat\scoop\shims;C:\Users\Mahamat\AppData\Local\Microsoft\WindowsApps;C:\Users\Mahamat\AppData\Local\atom\bin;C:\Users\Mahamat\AppData\Local\Programs\Microsoft VS Code\bin;C:\Users\Mahamat\AppData\Local\Programs\Git\cmd;C:\Users\Mahamat\AppData\Local\GitHubDesktop\bin;C:\Users\Mahamat\AppData\Local\Microsoft\WindowsApps;C:\Users\Mahamat\AppData\Roaming\npm;C:\Users\Mahamat\Desktop;;."/>
    <property name="java.vm.info" value="mixed mode"/>
    <property name="java.vendor" value="Oracle Corporation"/>
    <property name="java.vm.version" value="25.144-b01"/>
    <property name="java.ext.dirs" value="C:\Program Files\Java\jdk1.8.0_144\jre\lib\ext;C:\WINDOWS\Sun\Java\lib\ext"/>
    <property name="sun.io.unicode.encoding" value="UnicodeLittle"/>
    <property name="java.class.version" value="52.0"/>
  </properties>
  <testcase name="testGetPassword" classname="com.bytmasoft.dss.token.test.UserPrincipalUnitTest" time="0.041"/>
  <testcase name="testGetEmail" classname="com.bytmasoft.dss.token.test.UserPrincipalUnitTest" time="0"/>
  <testcase name="testIsEnabled" classname="com.bytmasoft.dss.token.test.UserPrincipalUnitTest" time="0.005"/>
  <testcase name="testGetAuthorities" classname="com.bytmasoft.dss.token.test.UserPrincipalUnitTest" time="0.004"/>
  <testcase name="testIsAccountNonExpired" classname="com.bytmasoft.dss.token.test.UserPrincipalUnitTest" time="0.13"/>
  <testcase name="testGetSalz" classname="com.bytmasoft.dss.token.test.UserPrincipalUnitTest" time="0.004"/>
  <testcase name="testIsAccountNonLocked" classname="com.bytmasoft.dss.token.test.UserPrincipalUnitTest" time="0.03"/>
  <testcase name="testGetUsername" classname="com.bytmasoft.dss.token.test.UserPrincipalUnitTest" time="0.001"/>
  <testcase name="testIsCredentialsNonExpired" classname="com.bytmasoft.dss.token.test.UserPrincipalUnitTest" time="0.003"/>
</testsuite>