<?xml version="1.0" encoding="UTF-8"?>
<testsuite xmlns:xsi="http://www.w3.org/2001/XMLSchema-instance" xsi:noNamespaceSchemaLocation="https://maven.apache.org/surefire/maven-surefire-plugin/xsd/surefire-test-report.xsd" name="com.bytmasoft.um.services.RoleServiceTest" time="0.677" tests="18" errors="8" skipped="0" failures="0">
  <properties>
    <property name="sun.desktop" value="windows"/>
    <property name="awt.toolkit" value="sun.awt.windows.WToolkit"/>
    <property name="file.encoding.pkg" value="sun.io"/>
    <property name="java.specification.version" value="1.8"/>
    <property name="sun.cpu.isalist" value="amd64"/>
    <property name="sun.jnu.encoding" value="Cp1252"/>
    <property name="java.class.path" value="F:\repos_git\microservices\dss\dss-web\target\test-classes;F:\repos_git\microservices\dss\dss-web\target\classes;F:\maven_repo\org\springframework\boot\spring-boot-starter-web\2.2.5.RELEASE\spring-boot-starter-web-2.2.5.RELEASE.jar;F:\maven_repo\org\springframework\boot\spring-boot-starter\2.2.5.RELEASE\spring-boot-starter-2.2.5.RELEASE.jar;F:\maven_repo\org\springframework\boot\spring-boot-starter-logging\2.2.5.RELEASE\spring-boot-starter-logging-2.2.5.RELEASE.jar;F:\maven_repo\ch\qos\logback\logback-classic\1.2.3\logback-classic-1.2.3.jar;F:\maven_repo\ch\qos\logback\logback-core\1.2.3\logback-core-1.2.3.jar;F:\maven_repo\org\apache\logging\log4j\log4j-to-slf4j\2.12.1\log4j-to-slf4j-2.12.1.jar;F:\maven_repo\org\apache\logging\log4j\log4j-api\2.12.1\log4j-api-2.12.1.jar;F:\maven_repo\org\slf4j\jul-to-slf4j\1.7.30\jul-to-slf4j-1.7.30.jar;F:\maven_repo\jakarta\annotation\jakarta.annotation-api\1.3.5\jakarta.annotation-api-1.3.5.jar;F:\maven_repo\org\yaml\snakeyaml\1.25\snakeyaml-1.25.jar;F:\maven_repo\org\springframework\boot\spring-boot-starter-json\2.2.5.RELEASE\spring-boot-starter-json-2.2.5.RELEASE.jar;F:\maven_repo\com\fasterxml\jackson\core\jackson-databind\2.10.2\jackson-databind-2.10.2.jar;F:\maven_repo\com\fasterxml\jackson\core\jackson-annotations\2.10.2\jackson-annotations-2.10.2.jar;F:\maven_repo\com\fasterxml\jackson\core\jackson-core\2.10.2\jackson-core-2.10.2.jar;F:\maven_repo\com\fasterxml\jackson\datatype\jackson-datatype-jdk8\2.10.2\jackson-datatype-jdk8-2.10.2.jar;F:\maven_repo\com\fasterxml\jackson\datatype\jackson-datatype-jsr310\2.10.2\jackson-datatype-jsr310-2.10.2.jar;F:\maven_repo\com\fasterxml\jackson\module\jackson-module-parameter-names\2.10.2\jackson-module-parameter-names-2.10.2.jar;F:\maven_repo\org\springframework\boot\spring-boot-starter-tomcat\2.2.5.RELEASE\spring-boot-starter-tomcat-2.2.5.RELEASE.jar;F:\maven_repo\org\apache\tomcat\embed\tomcat-embed-core\9.0.31\tomcat-embed-core-9.0.31.jar;F:\maven_repo\org\apache\tomcat\embed\tomcat-embed-el\9.0.31\tomcat-embed-el-9.0.31.jar;F:\maven_repo\org\apache\tomcat\embed\tomcat-embed-websocket\9.0.31\tomcat-embed-websocket-9.0.31.jar;F:\maven_repo\org\springframework\boot\spring-boot-starter-validation\2.2.5.RELEASE\spring-boot-starter-validation-2.2.5.RELEASE.jar;F:\maven_repo\jakarta\validation\jakarta.validation-api\2.0.2\jakarta.validation-api-2.0.2.jar;F:\maven_repo\org\hibernate\validator\hibernate-validator\6.0.18.Final\hibernate-validator-6.0.18.Final.jar;F:\maven_repo\org\jboss\logging\jboss-logging\3.4.1.Final\jboss-logging-3.4.1.Final.jar;F:\maven_repo\com\fasterxml\classmate\1.5.1\classmate-1.5.1.jar;F:\maven_repo\org\springframework\spring-web\5.2.4.RELEASE\spring-web-5.2.4.RELEASE.jar;F:\maven_repo\org\springframework\spring-beans\5.2.4.RELEASE\spring-beans-5.2.4.RELEASE.jar;F:\maven_repo\org\springframework\spring-webmvc\5.2.4.RELEASE\spring-webmvc-5.2.4.RELEASE.jar;F:\maven_repo\org\springframework\spring-context\5.2.4.RELEASE\spring-context-5.2.4.RELEASE.jar;F:\maven_repo\org\springframework\spring-expression\5.2.4.RELEASE\spring-expression-5.2.4.RELEASE.jar;F:\maven_repo\org\springframework\boot\spring-boot-starter-actuator\2.2.5.RELEASE\spring-boot-starter-actuator-2.2.5.RELEASE.jar;F:\maven_repo\org\springframework\boot\spring-boot-actuator-autoconfigure\2.2.5.RELEASE\spring-boot-actuator-autoconfigure-2.2.5.RELEASE.jar;F:\maven_repo\org\springframework\boot\spring-boot-actuator\2.2.5.RELEASE\spring-boot-actuator-2.2.5.RELEASE.jar;F:\maven_repo\io\micrometer\micrometer-core\1.3.5\micrometer-core-1.3.5.jar;F:\maven_repo\org\hdrhistogram\HdrHistogram\2.1.11\HdrHistogram-2.1.11.jar;F:\maven_repo\org\latencyutils\LatencyUtils\2.0.3\LatencyUtils-2.0.3.jar;F:\maven_repo\org\springframework\boot\spring-boot-devtools\2.2.5.RELEASE\spring-boot-devtools-2.2.5.RELEASE.jar;F:\maven_repo\org\springframework\boot\spring-boot\2.2.5.RELEASE\spring-boot-2.2.5.RELEASE.jar;F:\maven_repo\org\springframework\boot\spring-boot-autoconfigure\2.2.5.RELEASE\spring-boot-autoconfigure-2.2.5.RELEASE.jar;F:\maven_repo\mysql\mysql-connector-java\8.0.19\mysql-connector-java-8.0.19.jar;F:\repos_git\microservices\dss\persistance\target\persistance-0.0.1-SNAPSHOT.jar;F:\repos_git\microservices\dss\domain\target\domain-0.0.1-SNAPSHOT.jar;F:\maven_repo\org\springframework\boot\spring-boot-starter-data-jpa\2.2.5.RELEASE\spring-boot-starter-data-jpa-2.2.5.RELEASE.jar;F:\maven_repo\org\springframework\boot\spring-boot-starter-aop\2.2.5.RELEASE\spring-boot-starter-aop-2.2.5.RELEASE.jar;F:\maven_repo\org\aspectj\aspectjweaver\1.9.5\aspectjweaver-1.9.5.jar;F:\maven_repo\org\springframework\boot\spring-boot-starter-jdbc\2.2.5.RELEASE\spring-boot-starter-jdbc-2.2.5.RELEASE.jar;F:\maven_repo\com\zaxxer\HikariCP\3.4.2\HikariCP-3.4.2.jar;F:\maven_repo\org\springframework\spring-jdbc\5.2.4.RELEASE\spring-jdbc-5.2.4.RELEASE.jar;F:\maven_repo\jakarta\persistence\jakarta.persistence-api\2.2.3\jakarta.persistence-api-2.2.3.jar;F:\maven_repo\jakarta\transaction\jakarta.transaction-api\1.3.3\jakarta.transaction-api-1.3.3.jar;F:\maven_repo\org\hibernate\hibernate-core\5.4.12.Final\hibernate-core-5.4.12.Final.jar;F:\maven_repo\org\javassist\javassist\3.24.0-GA\javassist-3.24.0-GA.jar;F:\maven_repo\antlr\antlr\2.7.7\antlr-2.7.7.jar;F:\maven_repo\org\jboss\jandex\2.1.1.Final\jandex-2.1.1.Final.jar;F:\maven_repo\org\dom4j\dom4j\2.1.1\dom4j-2.1.1.jar;F:\maven_repo\org\hibernate\common\hibernate-commons-annotations\5.1.0.Final\hibernate-commons-annotations-5.1.0.Final.jar;F:\maven_repo\org\glassfish\jaxb\jaxb-runtime\2.3.2\jaxb-runtime-2.3.2.jar;F:\maven_repo\org\glassfish\jaxb\txw2\2.3.2\txw2-2.3.2.jar;F:\maven_repo\com\sun\istack\istack-commons-runtime\3.0.8\istack-commons-runtime-3.0.8.jar;F:\maven_repo\org\jvnet\staxex\stax-ex\1.8.1\stax-ex-1.8.1.jar;F:\maven_repo\com\sun\xml\fastinfoset\FastInfoset\1.2.16\FastInfoset-1.2.16.jar;F:\maven_repo\org\springframework\data\spring-data-jpa\2.2.5.RELEASE\spring-data-jpa-2.2.5.RELEASE.jar;F:\maven_repo\org\springframework\data\spring-data-commons\2.2.5.RELEASE\spring-data-commons-2.2.5.RELEASE.jar;F:\maven_repo\org\springframework\spring-orm\5.2.4.RELEASE\spring-orm-5.2.4.RELEASE.jar;F:\maven_repo\org\springframework\spring-tx\5.2.4.RELEASE\spring-tx-5.2.4.RELEASE.jar;F:\maven_repo\org\springframework\spring-aspects\5.2.4.RELEASE\spring-aspects-5.2.4.RELEASE.jar;F:\maven_repo\com\fasterxml\jackson\dataformat\jackson-dataformat-xml\2.10.2\jackson-dataformat-xml-2.10.2.jar;F:\maven_repo\com\fasterxml\jackson\module\jackson-module-jaxb-annotations\2.10.2\jackson-module-jaxb-annotations-2.10.2.jar;F:\maven_repo\org\codehaus\woodstox\stax2-api\4.2\stax2-api-4.2.jar;F:\maven_repo\com\fasterxml\woodstox\woodstox-core\6.0.3\woodstox-core-6.0.3.jar;F:\maven_repo\io\springfox\springfox-swagger2\2.9.2\springfox-swagger2-2.9.2.jar;F:\maven_repo\io\swagger\swagger-annotations\1.5.20\swagger-annotations-1.5.20.jar;F:\maven_repo\io\swagger\swagger-models\1.5.20\swagger-models-1.5.20.jar;F:\maven_repo\io\springfox\springfox-spi\2.9.2\springfox-spi-2.9.2.jar;F:\maven_repo\io\springfox\springfox-core\2.9.2\springfox-core-2.9.2.jar;F:\maven_repo\io\springfox\springfox-schema\2.9.2\springfox-schema-2.9.2.jar;F:\maven_repo\io\springfox\springfox-swagger-common\2.9.2\springfox-swagger-common-2.9.2.jar;F:\maven_repo\io\springfox\springfox-spring-web\2.9.2\springfox-spring-web-2.9.2.jar;F:\maven_repo\org\springframework\plugin\spring-plugin-core\1.2.0.RELEASE\spring-plugin-core-1.2.0.RELEASE.jar;F:\maven_repo\org\springframework\plugin\spring-plugin-metadata\1.2.0.RELEASE\spring-plugin-metadata-1.2.0.RELEASE.jar;F:\maven_repo\org\mapstruct\mapstruct\1.2.0.Final\mapstruct-1.2.0.Final.jar;F:\repos_git\microservices\dss\common\target\common-0.0.1-SNAPSHOT.jar;F:\maven_repo\com\nimbusds\nimbus-jose-jwt\8.4\nimbus-jose-jwt-8.4.jar;F:\maven_repo\com\github\stephenc\jcip\jcip-annotations\1.0-1\jcip-annotations-1.0-1.jar;F:\maven_repo\net\minidev\json-smart\2.3\json-smart-2.3.jar;F:\maven_repo\net\minidev\accessors-smart\1.2\accessors-smart-1.2.jar;F:\maven_repo\org\ow2\asm\asm\5.0.4\asm-5.0.4.jar;F:\maven_repo\org\springframework\boot\spring-boot-starter-test\2.2.5.RELEASE\spring-boot-starter-test-2.2.5.RELEASE.jar;F:\maven_repo\org\springframework\boot\spring-boot-test\2.2.5.RELEASE\spring-boot-test-2.2.5.RELEASE.jar;F:\maven_repo\org\springframework\boot\spring-boot-test-autoconfigure\2.2.5.RELEASE\spring-boot-test-autoconfigure-2.2.5.RELEASE.jar;F:\maven_repo\com\jayway\jsonpath\json-path\2.4.0\json-path-2.4.0.jar;F:\maven_repo\org\slf4j\slf4j-api\1.7.30\slf4j-api-1.7.30.jar;F:\maven_repo\jakarta\xml\bind\jakarta.xml.bind-api\2.3.2\jakarta.xml.bind-api-2.3.2.jar;F:\maven_repo\jakarta\activation\jakarta.activation-api\1.2.2\jakarta.activation-api-1.2.2.jar;F:\maven_repo\org\junit\jupiter\junit-jupiter\5.5.2\junit-jupiter-5.5.2.jar;F:\maven_repo\org\junit\jupiter\junit-jupiter-params\5.5.2\junit-jupiter-params-5.5.2.jar;F:\maven_repo\org\mockito\mockito-junit-jupiter\3.1.0\mockito-junit-jupiter-3.1.0.jar;F:\maven_repo\org\assertj\assertj-core\3.13.2\assertj-core-3.13.2.jar;F:\maven_repo\org\hamcrest\hamcrest\2.1\hamcrest-2.1.jar;F:\maven_repo\org\mockito\mockito-core\3.1.0\mockito-core-3.1.0.jar;F:\maven_repo\net\bytebuddy\byte-buddy\1.10.8\byte-buddy-1.10.8.jar;F:\maven_repo\net\bytebuddy\byte-buddy-agent\1.10.8\byte-buddy-agent-1.10.8.jar;F:\maven_repo\org\objenesis\objenesis\2.6\objenesis-2.6.jar;F:\maven_repo\org\skyscreamer\jsonassert\1.5.0\jsonassert-1.5.0.jar;F:\maven_repo\com\vaadin\external\google\android-json\0.0.20131108.vaadin1\android-json-0.0.20131108.vaadin1.jar;F:\maven_repo\org\springframework\spring-core\5.2.4.RELEASE\spring-core-5.2.4.RELEASE.jar;F:\maven_repo\org\springframework\spring-jcl\5.2.4.RELEASE\spring-jcl-5.2.4.RELEASE.jar;F:\maven_repo\org\springframework\spring-test\5.2.4.RELEASE\spring-test-5.2.4.RELEASE.jar;F:\maven_repo\org\xmlunit\xmlunit-core\2.6.3\xmlunit-core-2.6.3.jar;F:\maven_repo\org\springframework\boot\spring-boot-starter-security\2.2.5.RELEASE\spring-boot-starter-security-2.2.5.RELEASE.jar;F:\maven_repo\org\springframework\spring-aop\5.2.4.RELEASE\spring-aop-5.2.4.RELEASE.jar;F:\maven_repo\org\springframework\security\spring-security-config\5.2.2.RELEASE\spring-security-config-5.2.2.RELEASE.jar;F:\maven_repo\org\springframework\security\spring-security-web\5.2.2.RELEASE\spring-security-web-5.2.2.RELEASE.jar;F:\maven_repo\org\springframework\security\spring-security-test\5.2.2.RELEASE\spring-security-test-5.2.2.RELEASE.jar;F:\maven_repo\org\springframework\security\spring-security-core\5.2.2.RELEASE\spring-security-core-5.2.2.RELEASE.jar;F:\maven_repo\org\junit\jupiter\junit-jupiter-api\5.5.2\junit-jupiter-api-5.5.2.jar;F:\maven_repo\org\apiguardian\apiguardian-api\1.1.0\apiguardian-api-1.1.0.jar;F:\maven_repo\org\opentest4j\opentest4j\1.2.0\opentest4j-1.2.0.jar;F:\maven_repo\org\junit\platform\junit-platform-commons\1.5.2\junit-platform-commons-1.5.2.jar;F:\maven_repo\org\junit\jupiter\junit-jupiter-engine\5.5.2\junit-jupiter-engine-5.5.2.jar;F:\maven_repo\org\junit\platform\junit-platform-engine\1.5.2\junit-platform-engine-1.5.2.jar;F:\maven_repo\com\h2database\h2\1.4.200\h2-1.4.200.jar;F:\maven_repo\org\projectlombok\lombok\1.18.12\lombok-1.18.12.jar;F:\maven_repo\com\google\guava\guava\28.2-jre\guava-28.2-jre.jar;F:\maven_repo\com\google\guava\failureaccess\1.0.1\failureaccess-1.0.1.jar;F:\maven_repo\com\google\guava\listenablefuture\9999.0-empty-to-avoid-conflict-with-guava\listenablefuture-9999.0-empty-to-avoid-conflict-with-guava.jar;F:\maven_repo\com\google\code\findbugs\jsr305\3.0.2\jsr305-3.0.2.jar;F:\maven_repo\org\checkerframework\checker-qual\2.10.0\checker-qual-2.10.0.jar;F:\maven_repo\com\google\errorprone\error_prone_annotations\2.3.4\error_prone_annotations-2.3.4.jar;F:\maven_repo\com\google\j2objc\j2objc-annotations\1.3\j2objc-annotations-1.3.jar;"/>
    <property name="java.vm.vendor" value="Oracle Corporation"/>
    <property name="sun.arch.data.model" value="64"/>
    <property name="user.variant" value=""/>
    <property name="java.vendor.url" value="http://java.oracle.com/"/>
    <property name="user.timezone" value="Europe/Berlin"/>
    <property name="java.vm.specification.version" value="1.8"/>
    <property name="os.name" value="Windows 10"/>
    <property name="user.country" value="DE"/>
    <property name="sun.java.launcher" value="SUN_STANDARD"/>
    <property name="sun.boot.library.path" value="C:\Program Files\Java\jdk1.8.0_144\jre\bin"/>
    <property name="sun.java.command" value="C:\Users\Mahamat\AppData\Local\Temp\surefire1273510516438389997\surefirebooter9105844811596982095.jar C:\Users\Mahamat\AppData\Local\Temp\surefire1273510516438389997 2020-05-09T13-09-35_496-jvmRun1 surefire7089955744609448498tmp surefire_05164784111582114630tmp"/>
    <property name="surefire.test.class.path" value="F:\repos_git\microservices\dss\dss-web\target\test-classes;F:\repos_git\microservices\dss\dss-web\target\classes;F:\maven_repo\org\springframework\boot\spring-boot-starter-web\2.2.5.RELEASE\spring-boot-starter-web-2.2.5.RELEASE.jar;F:\maven_repo\org\springframework\boot\spring-boot-starter\2.2.5.RELEASE\spring-boot-starter-2.2.5.RELEASE.jar;F:\maven_repo\org\springframework\boot\spring-boot-starter-logging\2.2.5.RELEASE\spring-boot-starter-logging-2.2.5.RELEASE.jar;F:\maven_repo\ch\qos\logback\logback-classic\1.2.3\logback-classic-1.2.3.jar;F:\maven_repo\ch\qos\logback\logback-core\1.2.3\logback-core-1.2.3.jar;F:\maven_repo\org\apache\logging\log4j\log4j-to-slf4j\2.12.1\log4j-to-slf4j-2.12.1.jar;F:\maven_repo\org\apache\logging\log4j\log4j-api\2.12.1\log4j-api-2.12.1.jar;F:\maven_repo\org\slf4j\jul-to-slf4j\1.7.30\jul-to-slf4j-1.7.30.jar;F:\maven_repo\jakarta\annotation\jakarta.annotation-api\1.3.5\jakarta.annotation-api-1.3.5.jar;F:\maven_repo\org\yaml\snakeyaml\1.25\snakeyaml-1.25.jar;F:\maven_repo\org\springframework\boot\spring-boot-starter-json\2.2.5.RELEASE\spring-boot-starter-json-2.2.5.RELEASE.jar;F:\maven_repo\com\fasterxml\jackson\core\jackson-databind\2.10.2\jackson-databind-2.10.2.jar;F:\maven_repo\com\fasterxml\jackson\core\jackson-annotations\2.10.2\jackson-annotations-2.10.2.jar;F:\maven_repo\com\fasterxml\jackson\core\jackson-core\2.10.2\jackson-core-2.10.2.jar;F:\maven_repo\com\fasterxml\jackson\datatype\jackson-datatype-jdk8\2.10.2\jackson-datatype-jdk8-2.10.2.jar;F:\maven_repo\com\fasterxml\jackson\datatype\jackson-datatype-jsr310\2.10.2\jackson-datatype-jsr310-2.10.2.jar;F:\maven_repo\com\fasterxml\jackson\module\jackson-module-parameter-names\2.10.2\jackson-module-parameter-names-2.10.2.jar;F:\maven_repo\org\springframework\boot\spring-boot-starter-tomcat\2.2.5.RELEASE\spring-boot-starter-tomcat-2.2.5.RELEASE.jar;F:\maven_repo\org\apache\tomcat\embed\tomcat-embed-core\9.0.31\tomcat-embed-core-9.0.31.jar;F:\maven_repo\org\apache\tomcat\embed\tomcat-embed-el\9.0.31\tomcat-embed-el-9.0.31.jar;F:\maven_repo\org\apache\tomcat\embed\tomcat-embed-websocket\9.0.31\tomcat-embed-websocket-9.0.31.jar;F:\maven_repo\org\springframework\boot\spring-boot-starter-validation\2.2.5.RELEASE\spring-boot-starter-validation-2.2.5.RELEASE.jar;F:\maven_repo\jakarta\validation\jakarta.validation-api\2.0.2\jakarta.validation-api-2.0.2.jar;F:\maven_repo\org\hibernate\validator\hibernate-validator\6.0.18.Final\hibernate-validator-6.0.18.Final.jar;F:\maven_repo\org\jboss\logging\jboss-logging\3.4.1.Final\jboss-logging-3.4.1.Final.jar;F:\maven_repo\com\fasterxml\classmate\1.5.1\classmate-1.5.1.jar;F:\maven_repo\org\springframework\spring-web\5.2.4.RELEASE\spring-web-5.2.4.RELEASE.jar;F:\maven_repo\org\springframework\spring-beans\5.2.4.RELEASE\spring-beans-5.2.4.RELEASE.jar;F:\maven_repo\org\springframework\spring-webmvc\5.2.4.RELEASE\spring-webmvc-5.2.4.RELEASE.jar;F:\maven_repo\org\springframework\spring-context\5.2.4.RELEASE\spring-context-5.2.4.RELEASE.jar;F:\maven_repo\org\springframework\spring-expression\5.2.4.RELEASE\spring-expression-5.2.4.RELEASE.jar;F:\maven_repo\org\springframework\boot\spring-boot-starter-actuator\2.2.5.RELEASE\spring-boot-starter-actuator-2.2.5.RELEASE.jar;F:\maven_repo\org\springframework\boot\spring-boot-actuator-autoconfigure\2.2.5.RELEASE\spring-boot-actuator-autoconfigure-2.2.5.RELEASE.jar;F:\maven_repo\org\springframework\boot\spring-boot-actuator\2.2.5.RELEASE\spring-boot-actuator-2.2.5.RELEASE.jar;F:\maven_repo\io\micrometer\micrometer-core\1.3.5\micrometer-core-1.3.5.jar;F:\maven_repo\org\hdrhistogram\HdrHistogram\2.1.11\HdrHistogram-2.1.11.jar;F:\maven_repo\org\latencyutils\LatencyUtils\2.0.3\LatencyUtils-2.0.3.jar;F:\maven_repo\org\springframework\boot\spring-boot-devtools\2.2.5.RELEASE\spring-boot-devtools-2.2.5.RELEASE.jar;F:\maven_repo\org\springframework\boot\spring-boot\2.2.5.RELEASE\spring-boot-2.2.5.RELEASE.jar;F:\maven_repo\org\springframework\boot\spring-boot-autoconfigure\2.2.5.RELEASE\spring-boot-autoconfigure-2.2.5.RELEASE.jar;F:\maven_repo\mysql\mysql-connector-java\8.0.19\mysql-connector-java-8.0.19.jar;F:\repos_git\microservices\dss\persistance\target\persistance-0.0.1-SNAPSHOT.jar;F:\repos_git\microservices\dss\domain\target\domain-0.0.1-SNAPSHOT.jar;F:\maven_repo\org\springframework\boot\spring-boot-starter-data-jpa\2.2.5.RELEASE\spring-boot-starter-data-jpa-2.2.5.RELEASE.jar;F:\maven_repo\org\springframework\boot\spring-boot-starter-aop\2.2.5.RELEASE\spring-boot-starter-aop-2.2.5.RELEASE.jar;F:\maven_repo\org\aspectj\aspectjweaver\1.9.5\aspectjweaver-1.9.5.jar;F:\maven_repo\org\springframework\boot\spring-boot-starter-jdbc\2.2.5.RELEASE\spring-boot-starter-jdbc-2.2.5.RELEASE.jar;F:\maven_repo\com\zaxxer\HikariCP\3.4.2\HikariCP-3.4.2.jar;F:\maven_repo\org\springframework\spring-jdbc\5.2.4.RELEASE\spring-jdbc-5.2.4.RELEASE.jar;F:\maven_repo\jakarta\persistence\jakarta.persistence-api\2.2.3\jakarta.persistence-api-2.2.3.jar;F:\maven_repo\jakarta\transaction\jakarta.transaction-api\1.3.3\jakarta.transaction-api-1.3.3.jar;F:\maven_repo\org\hibernate\hibernate-core\5.4.12.Final\hibernate-core-5.4.12.Final.jar;F:\maven_repo\org\javassist\javassist\3.24.0-GA\javassist-3.24.0-GA.jar;F:\maven_repo\antlr\antlr\2.7.7\antlr-2.7.7.jar;F:\maven_repo\org\jboss\jandex\2.1.1.Final\jandex-2.1.1.Final.jar;F:\maven_repo\org\dom4j\dom4j\2.1.1\dom4j-2.1.1.jar;F:\maven_repo\org\hibernate\common\hibernate-commons-annotations\5.1.0.Final\hibernate-commons-annotations-5.1.0.Final.jar;F:\maven_repo\org\glassfish\jaxb\jaxb-runtime\2.3.2\jaxb-runtime-2.3.2.jar;F:\maven_repo\org\glassfish\jaxb\txw2\2.3.2\txw2-2.3.2.jar;F:\maven_repo\com\sun\istack\istack-commons-runtime\3.0.8\istack-commons-runtime-3.0.8.jar;F:\maven_repo\org\jvnet\staxex\stax-ex\1.8.1\stax-ex-1.8.1.jar;F:\maven_repo\com\sun\xml\fastinfoset\FastInfoset\1.2.16\FastInfoset-1.2.16.jar;F:\maven_repo\org\springframework\data\spring-data-jpa\2.2.5.RELEASE\spring-data-jpa-2.2.5.RELEASE.jar;F:\maven_repo\org\springframework\data\spring-data-commons\2.2.5.RELEASE\spring-data-commons-2.2.5.RELEASE.jar;F:\maven_repo\org\springframework\spring-orm\5.2.4.RELEASE\spring-orm-5.2.4.RELEASE.jar;F:\maven_repo\org\springframework\spring-tx\5.2.4.RELEASE\spring-tx-5.2.4.RELEASE.jar;F:\maven_repo\org\springframework\spring-aspects\5.2.4.RELEASE\spring-aspects-5.2.4.RELEASE.jar;F:\maven_repo\com\fasterxml\jackson\dataformat\jackson-dataformat-xml\2.10.2\jackson-dataformat-xml-2.10.2.jar;F:\maven_repo\com\fasterxml\jackson\module\jackson-module-jaxb-annotations\2.10.2\jackson-module-jaxb-annotations-2.10.2.jar;F:\maven_repo\org\codehaus\woodstox\stax2-api\4.2\stax2-api-4.2.jar;F:\maven_repo\com\fasterxml\woodstox\woodstox-core\6.0.3\woodstox-core-6.0.3.jar;F:\maven_repo\io\springfox\springfox-swagger2\2.9.2\springfox-swagger2-2.9.2.jar;F:\maven_repo\io\swagger\swagger-annotations\1.5.20\swagger-annotations-1.5.20.jar;F:\maven_repo\io\swagger\swagger-models\1.5.20\swagger-models-1.5.20.jar;F:\maven_repo\io\springfox\springfox-spi\2.9.2\springfox-spi-2.9.2.jar;F:\maven_repo\io\springfox\springfox-core\2.9.2\springfox-core-2.9.2.jar;F:\maven_repo\io\springfox\springfox-schema\2.9.2\springfox-schema-2.9.2.jar;F:\maven_repo\io\springfox\springfox-swagger-common\2.9.2\springfox-swagger-common-2.9.2.jar;F:\maven_repo\io\springfox\springfox-spring-web\2.9.2\springfox-spring-web-2.9.2.jar;F:\maven_repo\org\springframework\plugin\spring-plugin-core\1.2.0.RELEASE\spring-plugin-core-1.2.0.RELEASE.jar;F:\maven_repo\org\springframework\plugin\spring-plugin-metadata\1.2.0.RELEASE\spring-plugin-metadata-1.2.0.RELEASE.jar;F:\maven_repo\org\mapstruct\mapstruct\1.2.0.Final\mapstruct-1.2.0.Final.jar;F:\repos_git\microservices\dss\common\target\common-0.0.1-SNAPSHOT.jar;F:\maven_repo\com\nimbusds\nimbus-jose-jwt\8.4\nimbus-jose-jwt-8.4.jar;F:\maven_repo\com\github\stephenc\jcip\jcip-annotations\1.0-1\jcip-annotations-1.0-1.jar;F:\maven_repo\net\minidev\json-smart\2.3\json-smart-2.3.jar;F:\maven_repo\net\minidev\accessors-smart\1.2\accessors-smart-1.2.jar;F:\maven_repo\org\ow2\asm\asm\5.0.4\asm-5.0.4.jar;F:\maven_repo\org\springframework\boot\spring-boot-starter-test\2.2.5.RELEASE\spring-boot-starter-test-2.2.5.RELEASE.jar;F:\maven_repo\org\springframework\boot\spring-boot-test\2.2.5.RELEASE\spring-boot-test-2.2.5.RELEASE.jar;F:\maven_repo\org\springframework\boot\spring-boot-test-autoconfigure\2.2.5.RELEASE\spring-boot-test-autoconfigure-2.2.5.RELEASE.jar;F:\maven_repo\com\jayway\jsonpath\json-path\2.4.0\json-path-2.4.0.jar;F:\maven_repo\org\slf4j\slf4j-api\1.7.30\slf4j-api-1.7.30.jar;F:\maven_repo\jakarta\xml\bind\jakarta.xml.bind-api\2.3.2\jakarta.xml.bind-api-2.3.2.jar;F:\maven_repo\jakarta\activation\jakarta.activation-api\1.2.2\jakarta.activation-api-1.2.2.jar;F:\maven_repo\org\junit\jupiter\junit-jupiter\5.5.2\junit-jupiter-5.5.2.jar;F:\maven_repo\org\junit\jupiter\junit-jupiter-params\5.5.2\junit-jupiter-params-5.5.2.jar;F:\maven_repo\org\mockito\mockito-junit-jupiter\3.1.0\mockito-junit-jupiter-3.1.0.jar;F:\maven_repo\org\assertj\assertj-core\3.13.2\assertj-core-3.13.2.jar;F:\maven_repo\org\hamcrest\hamcrest\2.1\hamcrest-2.1.jar;F:\maven_repo\org\mockito\mockito-core\3.1.0\mockito-core-3.1.0.jar;F:\maven_repo\net\bytebuddy\byte-buddy\1.10.8\byte-buddy-1.10.8.jar;F:\maven_repo\net\bytebuddy\byte-buddy-agent\1.10.8\byte-buddy-agent-1.10.8.jar;F:\maven_repo\org\objenesis\objenesis\2.6\objenesis-2.6.jar;F:\maven_repo\org\skyscreamer\jsonassert\1.5.0\jsonassert-1.5.0.jar;F:\maven_repo\com\vaadin\external\google\android-json\0.0.20131108.vaadin1\android-json-0.0.20131108.vaadin1.jar;F:\maven_repo\org\springframework\spring-core\5.2.4.RELEASE\spring-core-5.2.4.RELEASE.jar;F:\maven_repo\org\springframework\spring-jcl\5.2.4.RELEASE\spring-jcl-5.2.4.RELEASE.jar;F:\maven_repo\org\springframework\spring-test\5.2.4.RELEASE\spring-test-5.2.4.RELEASE.jar;F:\maven_repo\org\xmlunit\xmlunit-core\2.6.3\xmlunit-core-2.6.3.jar;F:\maven_repo\org\springframework\boot\spring-boot-starter-security\2.2.5.RELEASE\spring-boot-starter-security-2.2.5.RELEASE.jar;F:\maven_repo\org\springframework\spring-aop\5.2.4.RELEASE\spring-aop-5.2.4.RELEASE.jar;F:\maven_repo\org\springframework\security\spring-security-config\5.2.2.RELEASE\spring-security-config-5.2.2.RELEASE.jar;F:\maven_repo\org\springframework\security\spring-security-web\5.2.2.RELEASE\spring-security-web-5.2.2.RELEASE.jar;F:\maven_repo\org\springframework\security\spring-security-test\5.2.2.RELEASE\spring-security-test-5.2.2.RELEASE.jar;F:\maven_repo\org\springframework\security\spring-security-core\5.2.2.RELEASE\spring-security-core-5.2.2.RELEASE.jar;F:\maven_repo\org\junit\jupiter\junit-jupiter-api\5.5.2\junit-jupiter-api-5.5.2.jar;F:\maven_repo\org\apiguardian\apiguardian-api\1.1.0\apiguardian-api-1.1.0.jar;F:\maven_repo\org\opentest4j\opentest4j\1.2.0\opentest4j-1.2.0.jar;F:\maven_repo\org\junit\platform\junit-platform-commons\1.5.2\junit-platform-commons-1.5.2.jar;F:\maven_repo\org\junit\jupiter\junit-jupiter-engine\5.5.2\junit-jupiter-engine-5.5.2.jar;F:\maven_repo\org\junit\platform\junit-platform-engine\1.5.2\junit-platform-engine-1.5.2.jar;F:\maven_repo\com\h2database\h2\1.4.200\h2-1.4.200.jar;F:\maven_repo\org\projectlombok\lombok\1.18.12\lombok-1.18.12.jar;F:\maven_repo\com\google\guava\guava\28.2-jre\guava-28.2-jre.jar;F:\maven_repo\com\google\guava\failureaccess\1.0.1\failureaccess-1.0.1.jar;F:\maven_repo\com\google\guava\listenablefuture\9999.0-empty-to-avoid-conflict-with-guava\listenablefuture-9999.0-empty-to-avoid-conflict-with-guava.jar;F:\maven_repo\com\google\code\findbugs\jsr305\3.0.2\jsr305-3.0.2.jar;F:\maven_repo\org\checkerframework\checker-qual\2.10.0\checker-qual-2.10.0.jar;F:\maven_repo\com\google\errorprone\error_prone_annotations\2.3.4\error_prone_annotations-2.3.4.jar;F:\maven_repo\com\google\j2objc\j2objc-annotations\1.3\j2objc-annotations-1.3.jar;"/>
    <property name="sun.cpu.endian" value="little"/>
    <property name="user.home" value="C:\Users\Mahamat"/>
    <property name="user.language" value="de"/>
    <property name="java.specification.vendor" value="Oracle Corporation"/>
    <property name="java.home" value="C:\Program Files\Java\jdk1.8.0_144\jre"/>
    <property name="basedir" value="F:\repos_git\microservices\dss\dss-web"/>
    <property name="file.separator" value="\"/>
    <property name="line.separator" value="&#10;"/>
    <property name="java.vm.specification.vendor" value="Oracle Corporation"/>
    <property name="java.specification.name" value="Java Platform API Specification"/>
    <property name="java.awt.graphicsenv" value="sun.awt.Win32GraphicsEnvironment"/>
    <property name="surefire.real.class.path" value="C:\Users\Mahamat\AppData\Local\Temp\surefire1273510516438389997\surefirebooter9105844811596982095.jar"/>
    <property name="sun.boot.class.path" value="C:\Program Files\Java\jdk1.8.0_144\jre\lib\resources.jar;C:\Program Files\Java\jdk1.8.0_144\jre\lib\rt.jar;C:\Program Files\Java\jdk1.8.0_144\jre\lib\sunrsasign.jar;C:\Program Files\Java\jdk1.8.0_144\jre\lib\jsse.jar;C:\Program Files\Java\jdk1.8.0_144\jre\lib\jce.jar;C:\Program Files\Java\jdk1.8.0_144\jre\lib\charsets.jar;C:\Program Files\Java\jdk1.8.0_144\jre\lib\jfr.jar;C:\Program Files\Java\jdk1.8.0_144\jre\classes"/>
    <property name="user.script" value=""/>
    <property name="sun.management.compiler" value="HotSpot 64-Bit Tiered Compilers"/>
    <property name="java.runtime.version" value="1.8.0_144-b01"/>
    <property name="user.name" value="Mahamat"/>
    <property name="path.separator" value=";"/>
    <property name="os.version" value="10.0"/>
    <property name="java.endorsed.dirs" value="C:\Program Files\Java\jdk1.8.0_144\jre\lib\endorsed"/>
    <property name="java.runtime.name" value="Java(TM) SE Runtime Environment"/>
    <property name="file.encoding" value="Cp1252"/>
    <property name="java.vm.name" value="Java HotSpot(TM) 64-Bit Server VM"/>
    <property name="localRepository" value="F:\maven_repo"/>
    <property name="java.vendor.url.bug" value="http://bugreport.sun.com/bugreport/"/>
    <property name="java.io.tmpdir" value="C:\Users\Mahamat\AppData\Local\Temp\"/>
    <property name="java.version" value="1.8.0_144"/>
    <property name="user.dir" value="F:\repos_git\microservices\dss\dss-web"/>
    <property name="os.arch" value="amd64"/>
    <property name="java.vm.specification.name" value="Java Virtual Machine Specification"/>
    <property name="java.awt.printerjob" value="sun.awt.windows.WPrinterJob"/>
    <property name="sun.os.patch.level" value=""/>
    <property name="java.library.path" value="C:\Program Files\Java\jdk1.8.0_144\jre\bin;C:\WINDOWS\Sun\Java\bin;C:\WINDOWS\system32;C:\WINDOWS;C:/Program Files/Java/jdk-12.0.1/bin/server;C:/Program Files/Java/jdk-12.0.1/bin;C:\Python27\;C:\Python27\Scripts;%JAVA_HOME%\bin;C:\oraclexe\app\oracle\product\11.2.0\server\bin;C:\Program Files (x86)\Lenovo\FusionEngine;C:\Program Files (x86)\NVIDIA Corporation\PhysX\Common;C:\Program Files (x86)\Intel\iCLS Client\;C:\Program Files\Intel\iCLS Client\;C:\WINDOWS\system32;C:\WINDOWS;C:\WINDOWS\System32\Wbem;C:\WINDOWS\System32\WindowsPowerShell\v1.0\;C:\Program Files\Intel\Intel(R) Management Engine Components\DAL;C:\Program Files\Intel\Intel(R) Management Engine Components\IPT;C:\Program Files (x86)\Intel\Intel(R) Management Engine Components\DAL;C:\Program Files (x86)\Intel\Intel(R) Management Engine Components\IPT;C:\Program Files (x86)\Lenovo\Motion Control\;C:\Program Files (x86)\Common Files\lenovo\easyplussdk\bin;C:\Program Files\Java\apache-ant-1.9.6\bin;C:\Program Files (x86)\Bitvise SSH Client;C:\Program Files (x86)\Windows Live\Shared;C:\Program Files (x86)\Skype\Phone\;%JBOSS_HOME%\bin;C:\wildfly-11.0.0.Final\bin;C:\Program Files\Java\gradle-4.3.1\bin;C:\Program Files\Java\spring-1.5.9.RELEASE\bin;C:\PostgreSQL\pg10\bin;C:\WINDOWS\System32\OpenSSH\;%MAVEN_HOME&amp;\bin;C:\Program Files\Java\apache-maven-3.5.4\bin;%SPRING_HOME%\bin;C:\ProgramData\chocolatey\bin;C:\Program Files\Java\jdk-12.0.1\bin;C:\ProgramData\Oracle\Java\javapath;C:\Program Files\MySQL\MySQL Utilities 1.6\;C:\Program Files\Microsoft VS Code\bin;C:\Program Files\nodejs\;C:\Program Files\MongoDB\Server\4.2\bin;C:\Program Files\TortoiseGit\bin;C:\Program Files\MySQL\MySQL Server 8.0\bin;C:\Users\Mahamat\scoop\shims;C:\Users\Mahamat\AppData\Local\Microsoft\WindowsApps;C:\Users\Mahamat\AppData\Local\atom\bin;C:\Users\Mahamat\AppData\Local\Programs\Microsoft VS Code\bin;C:\Users\Mahamat\AppData\Local\Programs\Git\cmd;C:\Users\Mahamat\AppData\Local\GitHubDesktop\bin;C:\Users\Mahamat\AppData\Local\Microsoft\WindowsApps;C:\Users\Mahamat\AppData\Roaming\npm;C:\Program Files\Java\eclipse_2020_03;;."/>
    <property name="java.vm.info" value="mixed mode"/>
    <property name="java.vendor" value="Oracle Corporation"/>
    <property name="java.vm.version" value="25.144-b01"/>
    <property name="java.ext.dirs" value="C:\Program Files\Java\jdk1.8.0_144\jre\lib\ext;C:\WINDOWS\Sun\Java\lib\ext"/>
    <property name="sun.io.unicode.encoding" value="UnicodeLittle"/>
    <property name="java.class.version" value="52.0"/>
  </properties>
  <testcase name="testFindByName" classname="com.bytmasoft.um.services.RoleServiceTest" time="0.013"/>
  <testcase name="testFindAllResources" classname="com.bytmasoft.um.services.RoleServiceTest" time="0.091"/>
  <testcase name="testFindAllPaginatedAnSorted" classname="com.bytmasoft.um.services.RoleServiceTest" time="0.061"/>
  <testcase name="testFindAllRolesForThisUserId" classname="com.bytmasoft.um.services.RoleServiceTest" time="0.011">
    <error message="could not extract ResultSet; SQL [n/a]; nested exception is org.hibernate.exception.SQLGrammarException: could not extract ResultSet" type="org.springframework.dao.InvalidDataAccessResourceUsageException">org.springframework.dao.InvalidDataAccessResourceUsageException: could not extract ResultSet; SQL [n/a]; nested exception is org.hibernate.exception.SQLGrammarException: could not extract ResultSet
	at com.bytmasoft.um.services.RoleServiceTest.testFindAllRolesForThisUserId(RoleServiceTest.java:114)
Caused by: org.hibernate.exception.SQLGrammarException: could not extract ResultSet
	at com.bytmasoft.um.services.RoleServiceTest.testFindAllRolesForThisUserId(RoleServiceTest.java:114)
Caused by: java.sql.SQLSyntaxErrorException: Table 'bytmasoft.user_role' doesn't exist
	at com.bytmasoft.um.services.RoleServiceTest.testFindAllRolesForThisUserId(RoleServiceTest.java:114)
</error>
    <system-out><![CDATA[Hibernate: select r.* from role r join user_role ur on r.id = ur.role_id where ur.user_id =?
&amp#27;[30m2020-05-09 13:10:41,375&amp#27;[0;39m &amp#27;[39mTRACE&amp#27;[0;39m [&amp#27;[34mmain&amp#27;[0;39m] &amp#27;[33morg.hibernate.type.descriptor.sql.BasicBinder&amp#27;[0;39m: binding parameter [1] as [BIGINT] - [9]
&amp#27;[30m2020-05-09 13:10:41,376&amp#27;[0;39m &amp#27;[31mWARN &amp#27;[0;39m [&amp#27;[34mmain&amp#27;[0;39m] &amp#27;[33morg.hibernate.engine.jdbc.spi.SqlExceptionHelper&amp#27;[0;39m: SQL Error: 1146, SQLState: 42S02
&amp#27;[30m2020-05-09 13:10:41,377&amp#27;[0;39m &amp#27;[1;31mERROR&amp#27;[0;39m [&amp#27;[34mmain&amp#27;[0;39m] &amp#27;[33morg.hibernate.engine.jdbc.spi.SqlExceptionHelper&amp#27;[0;39m: Table 'bytmasoft.user_role' doesn't exist
]]></system-out>
  </testcase>
  <testcase name="testUpdate" classname="com.bytmasoft.um.services.RoleServiceTest" time="0.077">
    <error message="failed to lazily initialize a collection of role: com.bytmasoft.domain.models.Privilege.roles, could not initialize proxy - no Session" type="org.hibernate.LazyInitializationException">org.hibernate.LazyInitializationException: failed to lazily initialize a collection of role: com.bytmasoft.domain.models.Privilege.roles, could not initialize proxy - no Session
	at com.bytmasoft.um.services.RoleServiceTest.testUpdate(RoleServiceTest.java:209)
</error>
    <system-out><![CDATA[Hibernate: select role0_.id as id1_15_0_, role0_.created_on as created_2_15_0_, role0_.deletestatus as deletest3_15_0_, role0_.inserted_by as inserted4_15_0_, role0_.inserted_prog as inserted5_15_0_, role0_.status as status6_15_0_, role0_.updated_by as updated_7_15_0_, role0_.updated_on as updated_8_15_0_, role0_.updated_prog as updated_9_15_0_, role0_.name as name10_15_0_, role0_.type as type11_15_0_, privileges1_.role_id as role_id1_16_1_, privilege2_.id as privileg2_16_1_, privilege2_.id as id1_14_2_, privilege2_.created_on as created_2_14_2_, privilege2_.deletestatus as deletest3_14_2_, privilege2_.inserted_by as inserted4_14_2_, privilege2_.inserted_prog as inserted5_14_2_, privilege2_.status as status6_14_2_, privilege2_.updated_by as updated_7_14_2_, privilege2_.updated_on as updated_8_14_2_, privilege2_.updated_prog as updated_9_14_2_, privilege2_.name as name10_14_2_ from role role0_ left outer join role_privilege privileges1_ on role0_.id=privileges1_.role_id left outer join privilege privilege2_ on privileges1_.privilege_id=privilege2_.id where role0_.id=?
&amp#27;[30m2020-05-09 13:10:41,388&amp#27;[0;39m &amp#27;[39mTRACE&amp#27;[0;39m [&amp#27;[34mmain&amp#27;[0;39m] &amp#27;[33morg.hibernate.type.descriptor.sql.BasicBinder&amp#27;[0;39m: binding parameter [1] as [BIGINT] - [2]
&amp#27;[30m2020-05-09 13:10:41,390&amp#27;[0;39m &amp#27;[39mTRACE&amp#27;[0;39m [&amp#27;[34mmain&amp#27;[0;39m] &amp#27;[33morg.hibernate.type.descriptor.sql.BasicExtractor&amp#27;[0;39m: extracted value ([id1_14_2_] : [BIGINT]) - [1]
&amp#27;[30m2020-05-09 13:10:41,391&amp#27;[0;39m &amp#27;[39mTRACE&amp#27;[0;39m [&amp#27;[34mmain&amp#27;[0;39m] &amp#27;[33morg.hibernate.type.descriptor.sql.BasicExtractor&amp#27;[0;39m: extracted value ([created_2_15_0_] : [TIMESTAMP]) - [2020-05-08T14:30:35]
&amp#27;[30m2020-05-09 13:10:41,392&amp#27;[0;39m &amp#27;[39mTRACE&amp#27;[0;39m [&amp#27;[34mmain&amp#27;[0;39m] &amp#27;[33morg.hibernate.type.descriptor.sql.BasicExtractor&amp#27;[0;39m: extracted value ([deletest3_15_0_] : [BOOLEAN]) - [false]
&amp#27;[30m2020-05-09 13:10:41,393&amp#27;[0;39m &amp#27;[39mTRACE&amp#27;[0;39m [&amp#27;[34mmain&amp#27;[0;39m] &amp#27;[33morg.hibernate.type.descriptor.sql.BasicExtractor&amp#27;[0;39m: extracted value ([inserted4_15_0_] : [VARCHAR]) - [null]
&amp#27;[30m2020-05-09 13:10:41,394&amp#27;[0;39m &amp#27;[39mTRACE&amp#27;[0;39m [&amp#27;[34mmain&amp#27;[0;39m] &amp#27;[33morg.hibernate.type.descriptor.sql.BasicExtractor&amp#27;[0;39m: extracted value ([inserted5_15_0_] : [VARCHAR]) - [usermanagement]
&amp#27;[30m2020-05-09 13:10:41,394&amp#27;[0;39m &amp#27;[39mTRACE&amp#27;[0;39m [&amp#27;[34mmain&amp#27;[0;39m] &amp#27;[33morg.hibernate.type.descriptor.sql.BasicExtractor&amp#27;[0;39m: extracted value ([status6_15_0_] : [VARCHAR]) - [A]
&amp#27;[30m2020-05-09 13:10:41,395&amp#27;[0;39m &amp#27;[39mTRACE&amp#27;[0;39m [&amp#27;[34mmain&amp#27;[0;39m] &amp#27;[33morg.hibernate.type.descriptor.sql.BasicExtractor&amp#27;[0;39m: extracted value ([updated_7_15_0_] : [VARCHAR]) - [null]
&amp#27;[30m2020-05-09 13:10:41,395&amp#27;[0;39m &amp#27;[39mTRACE&amp#27;[0;39m [&amp#27;[34mmain&amp#27;[0;39m] &amp#27;[33morg.hibernate.type.descriptor.sql.BasicExtractor&amp#27;[0;39m: extracted value ([updated_8_15_0_] : [TIMESTAMP]) - [null]
&amp#27;[30m2020-05-09 13:10:41,395&amp#27;[0;39m &amp#27;[39mTRACE&amp#27;[0;39m [&amp#27;[34mmain&amp#27;[0;39m] &amp#27;[33morg.hibernate.type.descriptor.sql.BasicExtractor&amp#27;[0;39m: extracted value ([updated_9_15_0_] : [VARCHAR]) - [null]
&amp#27;[30m2020-05-09 13:10:41,396&amp#27;[0;39m &amp#27;[39mTRACE&amp#27;[0;39m [&amp#27;[34mmain&amp#27;[0;39m] &amp#27;[33morg.hibernate.type.descriptor.sql.BasicExtractor&amp#27;[0;39m: extracted value ([name10_15_0_] : [VARCHAR]) - [Student]
&amp#27;[30m2020-05-09 13:10:41,397&amp#27;[0;39m &amp#27;[39mTRACE&amp#27;[0;39m [&amp#27;[34mmain&amp#27;[0;39m] &amp#27;[33morg.hibernate.type.descriptor.sql.BasicExtractor&amp#27;[0;39m: extracted value ([type11_15_0_] : [VARCHAR]) - [STUDENT]
&amp#27;[30m2020-05-09 13:10:41,399&amp#27;[0;39m &amp#27;[39mTRACE&amp#27;[0;39m [&amp#27;[34mmain&amp#27;[0;39m] &amp#27;[33morg.hibernate.type.descriptor.sql.BasicExtractor&amp#27;[0;39m: extracted value ([created_2_14_2_] : [TIMESTAMP]) - [2020-05-08T10:12:52]
&amp#27;[30m2020-05-09 13:10:41,400&amp#27;[0;39m &amp#27;[39mTRACE&amp#27;[0;39m [&amp#27;[34mmain&amp#27;[0;39m] &amp#27;[33morg.hibernate.type.descriptor.sql.BasicExtractor&amp#27;[0;39m: extracted value ([deletest3_14_2_] : [BOOLEAN]) - [false]
&amp#27;[30m2020-05-09 13:10:41,402&amp#27;[0;39m &amp#27;[39mTRACE&amp#27;[0;39m [&amp#27;[34mmain&amp#27;[0;39m] &amp#27;[33morg.hibernate.type.descriptor.sql.BasicExtractor&amp#27;[0;39m: extracted value ([inserted4_14_2_] : [VARCHAR]) - [null]
&amp#27;[30m2020-05-09 13:10:41,403&amp#27;[0;39m &amp#27;[39mTRACE&amp#27;[0;39m [&amp#27;[34mmain&amp#27;[0;39m] &amp#27;[33morg.hibernate.type.descriptor.sql.BasicExtractor&amp#27;[0;39m: extracted value ([inserted5_14_2_] : [VARCHAR]) - [usermanagement]
&amp#27;[30m2020-05-09 13:10:41,404&amp#27;[0;39m &amp#27;[39mTRACE&amp#27;[0;39m [&amp#27;[34mmain&amp#27;[0;39m] &amp#27;[33morg.hibernate.type.descriptor.sql.BasicExtractor&amp#27;[0;39m: extracted value ([status6_14_2_] : [VARCHAR]) - [A]
&amp#27;[30m2020-05-09 13:10:41,405&amp#27;[0;39m &amp#27;[39mTRACE&amp#27;[0;39m [&amp#27;[34mmain&amp#27;[0;39m] &amp#27;[33morg.hibernate.type.descriptor.sql.BasicExtractor&amp#27;[0;39m: extracted value ([updated_7_14_2_] : [VARCHAR]) - [Abakar]
&amp#27;[30m2020-05-09 13:10:41,405&amp#27;[0;39m &amp#27;[39mTRACE&amp#27;[0;39m [&amp#27;[34mmain&amp#27;[0;39m] &amp#27;[33morg.hibernate.type.descriptor.sql.BasicExtractor&amp#27;[0;39m: extracted value ([updated_8_14_2_] : [TIMESTAMP]) - [2020-05-09T13:10:41]
&amp#27;[30m2020-05-09 13:10:41,406&amp#27;[0;39m &amp#27;[39mTRACE&amp#27;[0;39m [&amp#27;[34mmain&amp#27;[0;39m] &amp#27;[33morg.hibernate.type.descriptor.sql.BasicExtractor&amp#27;[0;39m: extracted value ([updated_9_14_2_] : [VARCHAR]) - [usermanagement]
&amp#27;[30m2020-05-09 13:10:41,406&amp#27;[0;39m &amp#27;[39mTRACE&amp#27;[0;39m [&amp#27;[34mmain&amp#27;[0;39m] &amp#27;[33morg.hibernate.type.descriptor.sql.BasicExtractor&amp#27;[0;39m: extracted value ([name10_14_2_] : [VARCHAR]) - [Read]
&amp#27;[30m2020-05-09 13:10:41,408&amp#27;[0;39m &amp#27;[39mTRACE&amp#27;[0;39m [&amp#27;[34mmain&amp#27;[0;39m] &amp#27;[33morg.hibernate.type.descriptor.sql.BasicExtractor&amp#27;[0;39m: extracted value ([role_id1_16_1_] : [BIGINT]) - [2]
&amp#27;[30m2020-05-09 13:10:41,408&amp#27;[0;39m &amp#27;[39mTRACE&amp#27;[0;39m [&amp#27;[34mmain&amp#27;[0;39m] &amp#27;[33morg.hibernate.type.descriptor.sql.BasicExtractor&amp#27;[0;39m: extracted value ([privileg2_16_1_] : [BIGINT]) - [1]
&amp#27;[30m2020-05-09 13:10:41,410&amp#27;[0;39m &amp#27;[39mTRACE&amp#27;[0;39m [&amp#27;[34mmain&amp#27;[0;39m] &amp#27;[33morg.hibernate.type.descriptor.sql.BasicExtractor&amp#27;[0;39m: extracted value ([id1_14_2_] : [BIGINT]) - [2]
&amp#27;[30m2020-05-09 13:10:41,411&amp#27;[0;39m &amp#27;[39mTRACE&amp#27;[0;39m [&amp#27;[34mmain&amp#27;[0;39m] &amp#27;[33morg.hibernate.type.descriptor.sql.BasicExtractor&amp#27;[0;39m: extracted value ([created_2_14_2_] : [TIMESTAMP]) - [2020-05-08T10:12:52]
&amp#27;[30m2020-05-09 13:10:41,412&amp#27;[0;39m &amp#27;[39mTRACE&amp#27;[0;39m [&amp#27;[34mmain&amp#27;[0;39m] &amp#27;[33morg.hibernate.type.descriptor.sql.BasicExtractor&amp#27;[0;39m: extracted value ([deletest3_14_2_] : [BOOLEAN]) - [false]
&amp#27;[30m2020-05-09 13:10:41,413&amp#27;[0;39m &amp#27;[39mTRACE&amp#27;[0;39m [&amp#27;[34mmain&amp#27;[0;39m] &amp#27;[33morg.hibernate.type.descriptor.sql.BasicExtractor&amp#27;[0;39m: extracted value ([inserted4_14_2_] : [VARCHAR]) - [null]
&amp#27;[30m2020-05-09 13:10:41,414&amp#27;[0;39m &amp#27;[39mTRACE&amp#27;[0;39m [&amp#27;[34mmain&amp#27;[0;39m] &amp#27;[33morg.hibernate.type.descriptor.sql.BasicExtractor&amp#27;[0;39m: extracted value ([inserted5_14_2_] : [VARCHAR]) - [usermanagement]
&amp#27;[30m2020-05-09 13:10:41,415&amp#27;[0;39m &amp#27;[39mTRACE&amp#27;[0;39m [&amp#27;[34mmain&amp#27;[0;39m] &amp#27;[33morg.hibernate.type.descriptor.sql.BasicExtractor&amp#27;[0;39m: extracted value ([status6_14_2_] : [VARCHAR]) - [A]
&amp#27;[30m2020-05-09 13:10:41,415&amp#27;[0;39m &amp#27;[39mTRACE&amp#27;[0;39m [&amp#27;[34mmain&amp#27;[0;39m] &amp#27;[33morg.hibernate.type.descriptor.sql.BasicExtractor&amp#27;[0;39m: extracted value ([updated_7_14_2_] : [VARCHAR]) - [null]
&amp#27;[30m2020-05-09 13:10:41,416&amp#27;[0;39m &amp#27;[39mTRACE&amp#27;[0;39m [&amp#27;[34mmain&amp#27;[0;39m] &amp#27;[33morg.hibernate.type.descriptor.sql.BasicExtractor&amp#27;[0;39m: extracted value ([updated_8_14_2_] : [TIMESTAMP]) - [null]
&amp#27;[30m2020-05-09 13:10:41,417&amp#27;[0;39m &amp#27;[39mTRACE&amp#27;[0;39m [&amp#27;[34mmain&amp#27;[0;39m] &amp#27;[33morg.hibernate.type.descriptor.sql.BasicExtractor&amp#27;[0;39m: extracted value ([updated_9_14_2_] : [VARCHAR]) - [null]
&amp#27;[30m2020-05-09 13:10:41,419&amp#27;[0;39m &amp#27;[39mTRACE&amp#27;[0;39m [&amp#27;[34mmain&amp#27;[0;39m] &amp#27;[33morg.hibernate.type.descriptor.sql.BasicExtractor&amp#27;[0;39m: extracted value ([name10_14_2_] : [VARCHAR]) - [Write]
&amp#27;[30m2020-05-09 13:10:41,420&amp#27;[0;39m &amp#27;[39mTRACE&amp#27;[0;39m [&amp#27;[34mmain&amp#27;[0;39m] &amp#27;[33morg.hibernate.type.descriptor.sql.BasicExtractor&amp#27;[0;39m: extracted value ([role_id1_16_1_] : [BIGINT]) - [2]
&amp#27;[30m2020-05-09 13:10:41,421&amp#27;[0;39m &amp#27;[39mTRACE&amp#27;[0;39m [&amp#27;[34mmain&amp#27;[0;39m] &amp#27;[33morg.hibernate.type.descriptor.sql.BasicExtractor&amp#27;[0;39m: extracted value ([privileg2_16_1_] : [BIGINT]) - [2]
&amp#27;[30m2020-05-09 13:10:41,422&amp#27;[0;39m &amp#27;[39mTRACE&amp#27;[0;39m [&amp#27;[34mmain&amp#27;[0;39m] &amp#27;[33morg.hibernate.type.descriptor.sql.BasicExtractor&amp#27;[0;39m: extracted value ([id1_14_2_] : [BIGINT]) - [3]
&amp#27;[30m2020-05-09 13:10:41,423&amp#27;[0;39m &amp#27;[39mTRACE&amp#27;[0;39m [&amp#27;[34mmain&amp#27;[0;39m] &amp#27;[33morg.hibernate.type.descriptor.sql.BasicExtractor&amp#27;[0;39m: extracted value ([created_2_14_2_] : [TIMESTAMP]) - [2020-05-08T10:12:52]
&amp#27;[30m2020-05-09 13:10:41,423&amp#27;[0;39m &amp#27;[39mTRACE&amp#27;[0;39m [&amp#27;[34mmain&amp#27;[0;39m] &amp#27;[33morg.hibernate.type.descriptor.sql.BasicExtractor&amp#27;[0;39m: extracted value ([deletest3_14_2_] : [BOOLEAN]) - [false]
&amp#27;[30m2020-05-09 13:10:41,424&amp#27;[0;39m &amp#27;[39mTRACE&amp#27;[0;39m [&amp#27;[34mmain&amp#27;[0;39m] &amp#27;[33morg.hibernate.type.descriptor.sql.BasicExtractor&amp#27;[0;39m: extracted value ([inserted4_14_2_] : [VARCHAR]) - [null]
&amp#27;[30m2020-05-09 13:10:41,426&amp#27;[0;39m &amp#27;[39mTRACE&amp#27;[0;39m [&amp#27;[34mmain&amp#27;[0;39m] &amp#27;[33morg.hibernate.type.descriptor.sql.BasicExtractor&amp#27;[0;39m: extracted value ([inserted5_14_2_] : [VARCHAR]) - [usermanagement]
&amp#27;[30m2020-05-09 13:10:41,426&amp#27;[0;39m &amp#27;[39mTRACE&amp#27;[0;39m [&amp#27;[34mmain&amp#27;[0;39m] &amp#27;[33morg.hibernate.type.descriptor.sql.BasicExtractor&amp#27;[0;39m: extracted value ([status6_14_2_] : [VARCHAR]) - [A]
&amp#27;[30m2020-05-09 13:10:41,427&amp#27;[0;39m &amp#27;[39mTRACE&amp#27;[0;39m [&amp#27;[34mmain&amp#27;[0;39m] &amp#27;[33morg.hibernate.type.descriptor.sql.BasicExtractor&amp#27;[0;39m: extracted value ([updated_7_14_2_] : [VARCHAR]) - [null]
&amp#27;[30m2020-05-09 13:10:41,427&amp#27;[0;39m &amp#27;[39mTRACE&amp#27;[0;39m [&amp#27;[34mmain&amp#27;[0;39m] &amp#27;[33morg.hibernate.type.descriptor.sql.BasicExtractor&amp#27;[0;39m: extracted value ([updated_8_14_2_] : [TIMESTAMP]) - [null]
&amp#27;[30m2020-05-09 13:10:41,428&amp#27;[0;39m &amp#27;[39mTRACE&amp#27;[0;39m [&amp#27;[34mmain&amp#27;[0;39m] &amp#27;[33morg.hibernate.type.descriptor.sql.BasicExtractor&amp#27;[0;39m: extracted value ([updated_9_14_2_] : [VARCHAR]) - [null]
&amp#27;[30m2020-05-09 13:10:41,428&amp#27;[0;39m &amp#27;[39mTRACE&amp#27;[0;39m [&amp#27;[34mmain&amp#27;[0;39m] &amp#27;[33morg.hibernate.type.descriptor.sql.BasicExtractor&amp#27;[0;39m: extracted value ([name10_14_2_] : [VARCHAR]) - [Update]
&amp#27;[30m2020-05-09 13:10:41,429&amp#27;[0;39m &amp#27;[39mTRACE&amp#27;[0;39m [&amp#27;[34mmain&amp#27;[0;39m] &amp#27;[33morg.hibernate.type.descriptor.sql.BasicExtractor&amp#27;[0;39m: extracted value ([role_id1_16_1_] : [BIGINT]) - [2]
&amp#27;[30m2020-05-09 13:10:41,432&amp#27;[0;39m &amp#27;[39mTRACE&amp#27;[0;39m [&amp#27;[34mmain&amp#27;[0;39m] &amp#27;[33morg.hibernate.type.descriptor.sql.BasicExtractor&amp#27;[0;39m: extracted value ([privileg2_16_1_] : [BIGINT]) - [3]
Hibernate: select privilege0_.id as id1_14_0_, privilege0_.created_on as created_2_14_0_, privilege0_.deletestatus as deletest3_14_0_, privilege0_.inserted_by as inserted4_14_0_, privilege0_.inserted_prog as inserted5_14_0_, privilege0_.status as status6_14_0_, privilege0_.updated_by as updated_7_14_0_, privilege0_.updated_on as updated_8_14_0_, privilege0_.updated_prog as updated_9_14_0_, privilege0_.name as name10_14_0_ from privilege privilege0_ where privilege0_.id=?
&amp#27;[30m2020-05-09 13:10:41,438&amp#27;[0;39m &amp#27;[39mTRACE&amp#27;[0;39m [&amp#27;[34mmain&amp#27;[0;39m] &amp#27;[33morg.hibernate.type.descriptor.sql.BasicBinder&amp#27;[0;39m: binding parameter [1] as [BIGINT] - [1]
&amp#27;[30m2020-05-09 13:10:41,440&amp#27;[0;39m &amp#27;[39mTRACE&amp#27;[0;39m [&amp#27;[34mmain&amp#27;[0;39m] &amp#27;[33morg.hibernate.type.descriptor.sql.BasicExtractor&amp#27;[0;39m: extracted value ([created_2_14_0_] : [TIMESTAMP]) - [2020-05-08T10:12:52]
&amp#27;[30m2020-05-09 13:10:41,441&amp#27;[0;39m &amp#27;[39mTRACE&amp#27;[0;39m [&amp#27;[34mmain&amp#27;[0;39m] &amp#27;[33morg.hibernate.type.descriptor.sql.BasicExtractor&amp#27;[0;39m: extracted value ([deletest3_14_0_] : [BOOLEAN]) - [false]
&amp#27;[30m2020-05-09 13:10:41,442&amp#27;[0;39m &amp#27;[39mTRACE&amp#27;[0;39m [&amp#27;[34mmain&amp#27;[0;39m] &amp#27;[33morg.hibernate.type.descriptor.sql.BasicExtractor&amp#27;[0;39m: extracted value ([inserted4_14_0_] : [VARCHAR]) - [null]
&amp#27;[30m2020-05-09 13:10:41,442&amp#27;[0;39m &amp#27;[39mTRACE&amp#27;[0;39m [&amp#27;[34mmain&amp#27;[0;39m] &amp#27;[33morg.hibernate.type.descriptor.sql.BasicExtractor&amp#27;[0;39m: extracted value ([inserted5_14_0_] : [VARCHAR]) - [usermanagement]
&amp#27;[30m2020-05-09 13:10:41,443&amp#27;[0;39m &amp#27;[39mTRACE&amp#27;[0;39m [&amp#27;[34mmain&amp#27;[0;39m] &amp#27;[33morg.hibernate.type.descriptor.sql.BasicExtractor&amp#27;[0;39m: extracted value ([status6_14_0_] : [VARCHAR]) - [A]
&amp#27;[30m2020-05-09 13:10:41,443&amp#27;[0;39m &amp#27;[39mTRACE&amp#27;[0;39m [&amp#27;[34mmain&amp#27;[0;39m] &amp#27;[33morg.hibernate.type.descriptor.sql.BasicExtractor&amp#27;[0;39m: extracted value ([updated_7_14_0_] : [VARCHAR]) - [Abakar]
&amp#27;[30m2020-05-09 13:10:41,444&amp#27;[0;39m &amp#27;[39mTRACE&amp#27;[0;39m [&amp#27;[34mmain&amp#27;[0;39m] &amp#27;[33morg.hibernate.type.descriptor.sql.BasicExtractor&amp#27;[0;39m: extracted value ([updated_8_14_0_] : [TIMESTAMP]) - [2020-05-09T13:10:41]
&amp#27;[30m2020-05-09 13:10:41,444&amp#27;[0;39m &amp#27;[39mTRACE&amp#27;[0;39m [&amp#27;[34mmain&amp#27;[0;39m] &amp#27;[33morg.hibernate.type.descriptor.sql.BasicExtractor&amp#27;[0;39m: extracted value ([updated_9_14_0_] : [VARCHAR]) - [usermanagement]
&amp#27;[30m2020-05-09 13:10:41,445&amp#27;[0;39m &amp#27;[39mTRACE&amp#27;[0;39m [&amp#27;[34mmain&amp#27;[0;39m] &amp#27;[33morg.hibernate.type.descriptor.sql.BasicExtractor&amp#27;[0;39m: extracted value ([name10_14_0_] : [VARCHAR]) - [Read]
]]></system-out>
  </testcase>
  <testcase name="testDeactivateById" classname="com.bytmasoft.um.services.RoleServiceTest" time="0.017">
    <error message="There is no role with this id: 6" type="com.bytmasoft.common.exception.MyEntityNotFoundException">com.bytmasoft.common.exception.MyEntityNotFoundException: There is no role with this id: 6
	at com.bytmasoft.um.services.RoleServiceTest.testDeactivateById(RoleServiceTest.java:277)
</error>
    <system-out><![CDATA[Hibernate: select role0_.id as id1_15_0_, role0_.created_on as created_2_15_0_, role0_.deletestatus as deletest3_15_0_, role0_.inserted_by as inserted4_15_0_, role0_.inserted_prog as inserted5_15_0_, role0_.status as status6_15_0_, role0_.updated_by as updated_7_15_0_, role0_.updated_on as updated_8_15_0_, role0_.updated_prog as updated_9_15_0_, role0_.name as name10_15_0_, role0_.type as type11_15_0_, privileges1_.role_id as role_id1_16_1_, privilege2_.id as privileg2_16_1_, privilege2_.id as id1_14_2_, privilege2_.created_on as created_2_14_2_, privilege2_.deletestatus as deletest3_14_2_, privilege2_.inserted_by as inserted4_14_2_, privilege2_.inserted_prog as inserted5_14_2_, privilege2_.status as status6_14_2_, privilege2_.updated_by as updated_7_14_2_, privilege2_.updated_on as updated_8_14_2_, privilege2_.updated_prog as updated_9_14_2_, privilege2_.name as name10_14_2_ from role role0_ left outer join role_privilege privileges1_ on role0_.id=privileges1_.role_id left outer join privilege privilege2_ on privileges1_.privilege_id=privilege2_.id where role0_.id=?
&amp#27;[30m2020-05-09 13:10:41,455&amp#27;[0;39m &amp#27;[39mTRACE&amp#27;[0;39m [&amp#27;[34mmain&amp#27;[0;39m] &amp#27;[33morg.hibernate.type.descriptor.sql.BasicBinder&amp#27;[0;39m: binding parameter [1] as [BIGINT] - [6]
]]></system-out>
  </testcase>
  <testcase name="testCountInActiveResources" classname="com.bytmasoft.um.services.RoleServiceTest" time="0.003"/>
  <testcase name="testDeactivateAll" classname="com.bytmasoft.um.services.RoleServiceTest" time="0.08"/>
  <testcase name="testActivateAll" classname="com.bytmasoft.um.services.RoleServiceTest" time="0.065"/>
  <testcase name="testFindByStatus" classname="com.bytmasoft.um.services.RoleServiceTest" time="0.066"/>
  <testcase name="testFindByType" classname="com.bytmasoft.um.services.RoleServiceTest" time="0">
    <error message="No enum constant com.bytmasoft.domain.enums.RoleType.USER" type="java.lang.IllegalArgumentException">java.lang.IllegalArgumentException: No enum constant com.bytmasoft.domain.enums.RoleType.USER
	at com.bytmasoft.um.services.RoleServiceTest.testFindByType(RoleServiceTest.java:354)
</error>
  </testcase>
  <testcase name="testFindAllInActive" classname="com.bytmasoft.um.services.RoleServiceTest" time="0.004"/>
  <testcase name="testFindAllActive" classname="com.bytmasoft.um.services.RoleServiceTest" time="0.059"/>
  <testcase name="testFindRolesByUserId" classname="com.bytmasoft.um.services.RoleServiceTest" time="0.008">
    <error message="could not extract ResultSet; SQL [n/a]; nested exception is org.hibernate.exception.SQLGrammarException: could not extract ResultSet" type="org.springframework.dao.InvalidDataAccessResourceUsageException">org.springframework.dao.InvalidDataAccessResourceUsageException: could not extract ResultSet; SQL [n/a]; nested exception is org.hibernate.exception.SQLGrammarException: could not extract ResultSet
	at com.bytmasoft.um.services.RoleServiceTest.testFindRolesByUserId(RoleServiceTest.java:384)
Caused by: org.hibernate.exception.SQLGrammarException: could not extract ResultSet
	at com.bytmasoft.um.services.RoleServiceTest.testFindRolesByUserId(RoleServiceTest.java:384)
Caused by: java.sql.SQLSyntaxErrorException: Table 'bytmasoft.user_role' doesn't exist
	at com.bytmasoft.um.services.RoleServiceTest.testFindRolesByUserId(RoleServiceTest.java:384)
</error>
    <system-out><![CDATA[Hibernate: select r.* from role r join user_role ur on r.id = ur.role_id where ur.user_id =?
&amp#27;[30m2020-05-09 13:10:41,758&amp#27;[0;39m &amp#27;[39mTRACE&amp#27;[0;39m [&amp#27;[34mmain&amp#27;[0;39m] &amp#27;[33morg.hibernate.type.descriptor.sql.BasicBinder&amp#27;[0;39m: binding parameter [1] as [BIGINT] - [6]
&amp#27;[30m2020-05-09 13:10:41,760&amp#27;[0;39m &amp#27;[31mWARN &amp#27;[0;39m [&amp#27;[34mmain&amp#27;[0;39m] &amp#27;[33morg.hibernate.engine.jdbc.spi.SqlExceptionHelper&amp#27;[0;39m: SQL Error: 1146, SQLState: 42S02
&amp#27;[30m2020-05-09 13:10:41,760&amp#27;[0;39m &amp#27;[1;31mERROR&amp#27;[0;39m [&amp#27;[34mmain&amp#27;[0;39m] &amp#27;[33morg.hibernate.engine.jdbc.spi.SqlExceptionHelper&amp#27;[0;39m: Table 'bytmasoft.user_role' doesn't exist
]]></system-out>
  </testcase>
  <testcase name="testFindRoleByUserIdAndRoleId" classname="com.bytmasoft.um.services.RoleServiceTest" time="0.009">
    <error message="could not extract ResultSet; SQL [n/a]; nested exception is org.hibernate.exception.SQLGrammarException: could not extract ResultSet" type="org.springframework.dao.InvalidDataAccessResourceUsageException">org.springframework.dao.InvalidDataAccessResourceUsageException: could not extract ResultSet; SQL [n/a]; nested exception is org.hibernate.exception.SQLGrammarException: could not extract ResultSet
	at com.bytmasoft.um.services.RoleServiceTest.testFindRoleByUserIdAndRoleId(RoleServiceTest.java:395)
Caused by: org.hibernate.exception.SQLGrammarException: could not extract ResultSet
	at com.bytmasoft.um.services.RoleServiceTest.testFindRoleByUserIdAndRoleId(RoleServiceTest.java:395)
Caused by: java.sql.SQLSyntaxErrorException: Table 'bytmasoft.user_role' doesn't exist
	at com.bytmasoft.um.services.RoleServiceTest.testFindRoleByUserIdAndRoleId(RoleServiceTest.java:395)
</error>
    <system-out><![CDATA[Hibernate: select r.* from role r join user_role ur on r.id = ur.role_id where ur.user_id =? and r.id=?
&amp#27;[30m2020-05-09 13:10:41,767&amp#27;[0;39m &amp#27;[39mTRACE&amp#27;[0;39m [&amp#27;[34mmain&amp#27;[0;39m] &amp#27;[33morg.hibernate.type.descriptor.sql.BasicBinder&amp#27;[0;39m: binding parameter [1] as [BIGINT] - [9]
&amp#27;[30m2020-05-09 13:10:41,768&amp#27;[0;39m &amp#27;[39mTRACE&amp#27;[0;39m [&amp#27;[34mmain&amp#27;[0;39m] &amp#27;[33morg.hibernate.type.descriptor.sql.BasicBinder&amp#27;[0;39m: binding parameter [2] as [BIGINT] - [6]
&amp#27;[30m2020-05-09 13:10:41,769&amp#27;[0;39m &amp#27;[31mWARN &amp#27;[0;39m [&amp#27;[34mmain&amp#27;[0;39m] &amp#27;[33morg.hibernate.engine.jdbc.spi.SqlExceptionHelper&amp#27;[0;39m: SQL Error: 1146, SQLState: 42S02
&amp#27;[30m2020-05-09 13:10:41,769&amp#27;[0;39m &amp#27;[1;31mERROR&amp#27;[0;39m [&amp#27;[34mmain&amp#27;[0;39m] &amp#27;[33morg.hibernate.engine.jdbc.spi.SqlExceptionHelper&amp#27;[0;39m: Table 'bytmasoft.user_role' doesn't exist
]]></system-out>
  </testcase>
  <testcase name="testAddPrivilegeToRole" classname="com.bytmasoft.um.services.RoleServiceTest" time="0.079">
    <error message="could not execute statement; SQL [n/a]; constraint [role_privilege.PRIMARY]; nested exception is org.hibernate.exception.ConstraintViolationException: could not execute statement" type="org.springframework.dao.DataIntegrityViolationException">org.springframework.dao.DataIntegrityViolationException: could not execute statement; SQL [n/a]; constraint [role_privilege.PRIMARY]; nested exception is org.hibernate.exception.ConstraintViolationException: could not execute statement
	at com.bytmasoft.um.services.RoleServiceTest.lambda$null$1(RoleServiceTest.java:184)
	at com.bytmasoft.um.services.RoleServiceTest.lambda$testAddPrivilegeToRole$2(RoleServiceTest.java:181)
	at com.bytmasoft.um.services.RoleServiceTest.testAddPrivilegeToRole(RoleServiceTest.java:178)
Caused by: org.hibernate.exception.ConstraintViolationException: could not execute statement
	at com.bytmasoft.um.services.RoleServiceTest.lambda$null$1(RoleServiceTest.java:184)
	at com.bytmasoft.um.services.RoleServiceTest.lambda$testAddPrivilegeToRole$2(RoleServiceTest.java:181)
	at com.bytmasoft.um.services.RoleServiceTest.testAddPrivilegeToRole(RoleServiceTest.java:178)
Caused by: java.sql.SQLIntegrityConstraintViolationException: Duplicate entry '2-1' for key 'role_privilege.PRIMARY'
	at com.bytmasoft.um.services.RoleServiceTest.lambda$null$1(RoleServiceTest.java:184)
	at com.bytmasoft.um.services.RoleServiceTest.lambda$testAddPrivilegeToRole$2(RoleServiceTest.java:181)
	at com.bytmasoft.um.services.RoleServiceTest.testAddPrivilegeToRole(RoleServiceTest.java:178)
</error>
    <system-out><![CDATA[Hibernate: select role0_.id as id1_15_, role0_.created_on as created_2_15_, role0_.deletestatus as deletest3_15_, role0_.inserted_by as inserted4_15_, role0_.inserted_prog as inserted5_15_, role0_.status as status6_15_, role0_.updated_by as updated_7_15_, role0_.updated_on as updated_8_15_, role0_.updated_prog as updated_9_15_, role0_.name as name10_15_, role0_.type as type11_15_ from role role0_
&amp#27;[30m2020-05-09 13:10:41,778&amp#27;[0;39m &amp#27;[39mTRACE&amp#27;[0;39m [&amp#27;[34mmain&amp#27;[0;39m] &amp#27;[33morg.hibernate.type.descriptor.sql.BasicExtractor&amp#27;[0;39m: extracted value ([id1_15_] : [BIGINT]) - [2]
&amp#27;[30m2020-05-09 13:10:41,779&amp#27;[0;39m &amp#27;[39mTRACE&amp#27;[0;39m [&amp#27;[34mmain&amp#27;[0;39m] &amp#27;[33morg.hibernate.type.descriptor.sql.BasicExtractor&amp#27;[0;39m: extracted value ([created_2_15_] : [TIMESTAMP]) - [2020-05-08T14:30:35]
&amp#27;[30m2020-05-09 13:10:41,779&amp#27;[0;39m &amp#27;[39mTRACE&amp#27;[0;39m [&amp#27;[34mmain&amp#27;[0;39m] &amp#27;[33morg.hibernate.type.descriptor.sql.BasicExtractor&amp#27;[0;39m: extracted value ([deletest3_15_] : [BOOLEAN]) - [false]
&amp#27;[30m2020-05-09 13:10:41,780&amp#27;[0;39m &amp#27;[39mTRACE&amp#27;[0;39m [&amp#27;[34mmain&amp#27;[0;39m] &amp#27;[33morg.hibernate.type.descriptor.sql.BasicExtractor&amp#27;[0;39m: extracted value ([inserted4_15_] : [VARCHAR]) - [null]
&amp#27;[30m2020-05-09 13:10:41,780&amp#27;[0;39m &amp#27;[39mTRACE&amp#27;[0;39m [&amp#27;[34mmain&amp#27;[0;39m] &amp#27;[33morg.hibernate.type.descriptor.sql.BasicExtractor&amp#27;[0;39m: extracted value ([inserted5_15_] : [VARCHAR]) - [usermanagement]
&amp#27;[30m2020-05-09 13:10:41,780&amp#27;[0;39m &amp#27;[39mTRACE&amp#27;[0;39m [&amp#27;[34mmain&amp#27;[0;39m] &amp#27;[33morg.hibernate.type.descriptor.sql.BasicExtractor&amp#27;[0;39m: extracted value ([status6_15_] : [VARCHAR]) - [A]
&amp#27;[30m2020-05-09 13:10:41,781&amp#27;[0;39m &amp#27;[39mTRACE&amp#27;[0;39m [&amp#27;[34mmain&amp#27;[0;39m] &amp#27;[33morg.hibernate.type.descriptor.sql.BasicExtractor&amp#27;[0;39m: extracted value ([updated_7_15_] : [VARCHAR]) - [null]
&amp#27;[30m2020-05-09 13:10:41,781&amp#27;[0;39m &amp#27;[39mTRACE&amp#27;[0;39m [&amp#27;[34mmain&amp#27;[0;39m] &amp#27;[33morg.hibernate.type.descriptor.sql.BasicExtractor&amp#27;[0;39m: extracted value ([updated_8_15_] : [TIMESTAMP]) - [null]
&amp#27;[30m2020-05-09 13:10:41,781&amp#27;[0;39m &amp#27;[39mTRACE&amp#27;[0;39m [&amp#27;[34mmain&amp#27;[0;39m] &amp#27;[33morg.hibernate.type.descriptor.sql.BasicExtractor&amp#27;[0;39m: extracted value ([updated_9_15_] : [VARCHAR]) - [null]
&amp#27;[30m2020-05-09 13:10:41,782&amp#27;[0;39m &amp#27;[39mTRACE&amp#27;[0;39m [&amp#27;[34mmain&amp#27;[0;39m] &amp#27;[33morg.hibernate.type.descriptor.sql.BasicExtractor&amp#27;[0;39m: extracted value ([name10_15_] : [VARCHAR]) - [Student]
&amp#27;[30m2020-05-09 13:10:41,782&amp#27;[0;39m &amp#27;[39mTRACE&amp#27;[0;39m [&amp#27;[34mmain&amp#27;[0;39m] &amp#27;[33morg.hibernate.type.descriptor.sql.BasicExtractor&amp#27;[0;39m: extracted value ([type11_15_] : [VARCHAR]) - [STUDENT]
&amp#27;[30m2020-05-09 13:10:41,782&amp#27;[0;39m &amp#27;[39mTRACE&amp#27;[0;39m [&amp#27;[34mmain&amp#27;[0;39m] &amp#27;[33morg.hibernate.type.descriptor.sql.BasicExtractor&amp#27;[0;39m: extracted value ([id1_15_] : [BIGINT]) - [3]
&amp#27;[30m2020-05-09 13:10:41,783&amp#27;[0;39m &amp#27;[39mTRACE&amp#27;[0;39m [&amp#27;[34mmain&amp#27;[0;39m] &amp#27;[33morg.hibernate.type.descriptor.sql.BasicExtractor&amp#27;[0;39m: extracted value ([created_2_15_] : [TIMESTAMP]) - [2020-05-08T14:30:35]
&amp#27;[30m2020-05-09 13:10:41,783&amp#27;[0;39m &amp#27;[39mTRACE&amp#27;[0;39m [&amp#27;[34mmain&amp#27;[0;39m] &amp#27;[33morg.hibernate.type.descriptor.sql.BasicExtractor&amp#27;[0;39m: extracted value ([deletest3_15_] : [BOOLEAN]) - [false]
&amp#27;[30m2020-05-09 13:10:41,784&amp#27;[0;39m &amp#27;[39mTRACE&amp#27;[0;39m [&amp#27;[34mmain&amp#27;[0;39m] &amp#27;[33morg.hibernate.type.descriptor.sql.BasicExtractor&amp#27;[0;39m: extracted value ([inserted4_15_] : [VARCHAR]) - [null]
&amp#27;[30m2020-05-09 13:10:41,784&amp#27;[0;39m &amp#27;[39mTRACE&amp#27;[0;39m [&amp#27;[34mmain&amp#27;[0;39m] &amp#27;[33morg.hibernate.type.descriptor.sql.BasicExtractor&amp#27;[0;39m: extracted value ([inserted5_15_] : [VARCHAR]) - [usermanagement]
&amp#27;[30m2020-05-09 13:10:41,784&amp#27;[0;39m &amp#27;[39mTRACE&amp#27;[0;39m [&amp#27;[34mmain&amp#27;[0;39m] &amp#27;[33morg.hibernate.type.descriptor.sql.BasicExtractor&amp#27;[0;39m: extracted value ([status6_15_] : [VARCHAR]) - [A]
&amp#27;[30m2020-05-09 13:10:41,784&amp#27;[0;39m &amp#27;[39mTRACE&amp#27;[0;39m [&amp#27;[34mmain&amp#27;[0;39m] &amp#27;[33morg.hibernate.type.descriptor.sql.BasicExtractor&amp#27;[0;39m: extracted value ([updated_7_15_] : [VARCHAR]) - [null]
&amp#27;[30m2020-05-09 13:10:41,785&amp#27;[0;39m &amp#27;[39mTRACE&amp#27;[0;39m [&amp#27;[34mmain&amp#27;[0;39m] &amp#27;[33morg.hibernate.type.descriptor.sql.BasicExtractor&amp#27;[0;39m: extracted value ([updated_8_15_] : [TIMESTAMP]) - [null]
&amp#27;[30m2020-05-09 13:10:41,785&amp#27;[0;39m &amp#27;[39mTRACE&amp#27;[0;39m [&amp#27;[34mmain&amp#27;[0;39m] &amp#27;[33morg.hibernate.type.descriptor.sql.BasicExtractor&amp#27;[0;39m: extracted value ([updated_9_15_] : [VARCHAR]) - [null]
&amp#27;[30m2020-05-09 13:10:41,785&amp#27;[0;39m &amp#27;[39mTRACE&amp#27;[0;39m [&amp#27;[34mmain&amp#27;[0;39m] &amp#27;[33morg.hibernate.type.descriptor.sql.BasicExtractor&amp#27;[0;39m: extracted value ([name10_15_] : [VARCHAR]) - [Admin]
&amp#27;[30m2020-05-09 13:10:41,786&amp#27;[0;39m &amp#27;[39mTRACE&amp#27;[0;39m [&amp#27;[34mmain&amp#27;[0;39m] &amp#27;[33morg.hibernate.type.descriptor.sql.BasicExtractor&amp#27;[0;39m: extracted value ([type11_15_] : [VARCHAR]) - [ADMIN]
&amp#27;[30m2020-05-09 13:10:41,786&amp#27;[0;39m &amp#27;[39mTRACE&amp#27;[0;39m [&amp#27;[34mmain&amp#27;[0;39m] &amp#27;[33morg.hibernate.type.descriptor.sql.BasicExtractor&amp#27;[0;39m: extracted value ([id1_15_] : [BIGINT]) - [4]
&amp#27;[30m2020-05-09 13:10:41,787&amp#27;[0;39m &amp#27;[39mTRACE&amp#27;[0;39m [&amp#27;[34mmain&amp#27;[0;39m] &amp#27;[33morg.hibernate.type.descriptor.sql.BasicExtractor&amp#27;[0;39m: extracted value ([created_2_15_] : [TIMESTAMP]) - [2020-05-08T14:30:35]
&amp#27;[30m2020-05-09 13:10:41,787&amp#27;[0;39m &amp#27;[39mTRACE&amp#27;[0;39m [&amp#27;[34mmain&amp#27;[0;39m] &amp#27;[33morg.hibernate.type.descriptor.sql.BasicExtractor&amp#27;[0;39m: extracted value ([deletest3_15_] : [BOOLEAN]) - [false]
&amp#27;[30m2020-05-09 13:10:41,787&amp#27;[0;39m &amp#27;[39mTRACE&amp#27;[0;39m [&amp#27;[34mmain&amp#27;[0;39m] &amp#27;[33morg.hibernate.type.descriptor.sql.BasicExtractor&amp#27;[0;39m: extracted value ([inserted4_15_] : [VARCHAR]) - [null]
&amp#27;[30m2020-05-09 13:10:41,788&amp#27;[0;39m &amp#27;[39mTRACE&amp#27;[0;39m [&amp#27;[34mmain&amp#27;[0;39m] &amp#27;[33morg.hibernate.type.descriptor.sql.BasicExtractor&amp#27;[0;39m: extracted value ([inserted5_15_] : [VARCHAR]) - [usermanagement]
&amp#27;[30m2020-05-09 13:10:41,788&amp#27;[0;39m &amp#27;[39mTRACE&amp#27;[0;39m [&amp#27;[34mmain&amp#27;[0;39m] &amp#27;[33morg.hibernate.type.descriptor.sql.BasicExtractor&amp#27;[0;39m: extracted value ([status6_15_] : [VARCHAR]) - [A]
&amp#27;[30m2020-05-09 13:10:41,789&amp#27;[0;39m &amp#27;[39mTRACE&amp#27;[0;39m [&amp#27;[34mmain&amp#27;[0;39m] &amp#27;[33morg.hibernate.type.descriptor.sql.BasicExtractor&amp#27;[0;39m: extracted value ([updated_7_15_] : [VARCHAR]) - [null]
&amp#27;[30m2020-05-09 13:10:41,789&amp#27;[0;39m &amp#27;[39mTRACE&amp#27;[0;39m [&amp#27;[34mmain&amp#27;[0;39m] &amp#27;[33morg.hibernate.type.descriptor.sql.BasicExtractor&amp#27;[0;39m: extracted value ([updated_8_15_] : [TIMESTAMP]) - [null]
&amp#27;[30m2020-05-09 13:10:41,789&amp#27;[0;39m &amp#27;[39mTRACE&amp#27;[0;39m [&amp#27;[34mmain&amp#27;[0;39m] &amp#27;[33morg.hibernate.type.descriptor.sql.BasicExtractor&amp#27;[0;39m: extracted value ([updated_9_15_] : [VARCHAR]) - [null]
&amp#27;[30m2020-05-09 13:10:41,790&amp#27;[0;39m &amp#27;[39mTRACE&amp#27;[0;39m [&amp#27;[34mmain&amp#27;[0;39m] &amp#27;[33morg.hibernate.type.descriptor.sql.BasicExtractor&amp#27;[0;39m: extracted value ([name10_15_] : [VARCHAR]) - [Teacher]
&amp#27;[30m2020-05-09 13:10:41,790&amp#27;[0;39m &amp#27;[39mTRACE&amp#27;[0;39m [&amp#27;[34mmain&amp#27;[0;39m] &amp#27;[33morg.hibernate.type.descriptor.sql.BasicExtractor&amp#27;[0;39m: extracted value ([type11_15_] : [VARCHAR]) - [TEACHER]
&amp#27;[30m2020-05-09 13:10:41,791&amp#27;[0;39m &amp#27;[39mTRACE&amp#27;[0;39m [&amp#27;[34mmain&amp#27;[0;39m] &amp#27;[33morg.hibernate.type.descriptor.sql.BasicExtractor&amp#27;[0;39m: extracted value ([id1_15_] : [BIGINT]) - [5]
&amp#27;[30m2020-05-09 13:10:41,792&amp#27;[0;39m &amp#27;[39mTRACE&amp#27;[0;39m [&amp#27;[34mmain&amp#27;[0;39m] &amp#27;[33morg.hibernate.type.descriptor.sql.BasicExtractor&amp#27;[0;39m: extracted value ([created_2_15_] : [TIMESTAMP]) - [2020-05-08T14:30:35]
&amp#27;[30m2020-05-09 13:10:41,792&amp#27;[0;39m &amp#27;[39mTRACE&amp#27;[0;39m [&amp#27;[34mmain&amp#27;[0;39m] &amp#27;[33morg.hibernate.type.descriptor.sql.BasicExtractor&amp#27;[0;39m: extracted value ([deletest3_15_] : [BOOLEAN]) - [false]
&amp#27;[30m2020-05-09 13:10:41,793&amp#27;[0;39m &amp#27;[39mTRACE&amp#27;[0;39m [&amp#27;[34mmain&amp#27;[0;39m] &amp#27;[33morg.hibernate.type.descriptor.sql.BasicExtractor&amp#27;[0;39m: extracted value ([inserted4_15_] : [VARCHAR]) - [null]
&amp#27;[30m2020-05-09 13:10:41,793&amp#27;[0;39m &amp#27;[39mTRACE&amp#27;[0;39m [&amp#27;[34mmain&amp#27;[0;39m] &amp#27;[33morg.hibernate.type.descriptor.sql.BasicExtractor&amp#27;[0;39m: extracted value ([inserted5_15_] : [VARCHAR]) - [usermanagement]
&amp#27;[30m2020-05-09 13:10:41,794&amp#27;[0;39m &amp#27;[39mTRACE&amp#27;[0;39m [&amp#27;[34mmain&amp#27;[0;39m] &amp#27;[33morg.hibernate.type.descriptor.sql.BasicExtractor&amp#27;[0;39m: extracted value ([status6_15_] : [VARCHAR]) - [A]
&amp#27;[30m2020-05-09 13:10:41,794&amp#27;[0;39m &amp#27;[39mTRACE&amp#27;[0;39m [&amp#27;[34mmain&amp#27;[0;39m] &amp#27;[33morg.hibernate.type.descriptor.sql.BasicExtractor&amp#27;[0;39m: extracted value ([updated_7_15_] : [VARCHAR]) - [null]
&amp#27;[30m2020-05-09 13:10:41,794&amp#27;[0;39m &amp#27;[39mTRACE&amp#27;[0;39m [&amp#27;[34mmain&amp#27;[0;39m] &amp#27;[33morg.hibernate.type.descriptor.sql.BasicExtractor&amp#27;[0;39m: extracted value ([updated_8_15_] : [TIMESTAMP]) - [null]
&amp#27;[30m2020-05-09 13:10:41,795&amp#27;[0;39m &amp#27;[39mTRACE&amp#27;[0;39m [&amp#27;[34mmain&amp#27;[0;39m] &amp#27;[33morg.hibernate.type.descriptor.sql.BasicExtractor&amp#27;[0;39m: extracted value ([updated_9_15_] : [VARCHAR]) - [null]
&amp#27;[30m2020-05-09 13:10:41,795&amp#27;[0;39m &amp#27;[39mTRACE&amp#27;[0;39m [&amp#27;[34mmain&amp#27;[0;39m] &amp#27;[33morg.hibernate.type.descriptor.sql.BasicExtractor&amp#27;[0;39m: extracted value ([name10_15_] : [VARCHAR]) - [Guest]
&amp#27;[30m2020-05-09 13:10:41,795&amp#27;[0;39m &amp#27;[39mTRACE&amp#27;[0;39m [&amp#27;[34mmain&amp#27;[0;39m] &amp#27;[33morg.hibernate.type.descriptor.sql.BasicExtractor&amp#27;[0;39m: extracted value ([type11_15_] : [VARCHAR]) - [GUEST]
Hibernate: select privileges0_.role_id as role_id1_16_0_, privileges0_.privilege_id as privileg2_16_0_, privilege1_.id as id1_14_1_, privilege1_.created_on as created_2_14_1_, privilege1_.deletestatus as deletest3_14_1_, privilege1_.inserted_by as inserted4_14_1_, privilege1_.inserted_prog as inserted5_14_1_, privilege1_.status as status6_14_1_, privilege1_.updated_by as updated_7_14_1_, privilege1_.updated_on as updated_8_14_1_, privilege1_.updated_prog as updated_9_14_1_, privilege1_.name as name10_14_1_ from role_privilege privileges0_ inner join privilege privilege1_ on privileges0_.privilege_id=privilege1_.id where privileges0_.role_id=?
&amp#27;[30m2020-05-09 13:10:41,796&amp#27;[0;39m &amp#27;[39mTRACE&amp#27;[0;39m [&amp#27;[34mmain&amp#27;[0;39m] &amp#27;[33morg.hibernate.type.descriptor.sql.BasicBinder&amp#27;[0;39m: binding parameter [1] as [BIGINT] - [5]
&amp#27;[30m2020-05-09 13:10:41,800&amp#27;[0;39m &amp#27;[39mTRACE&amp#27;[0;39m [&amp#27;[34mmain&amp#27;[0;39m] &amp#27;[33morg.hibernate.type.descriptor.sql.BasicExtractor&amp#27;[0;39m: extracted value ([id1_14_1_] : [BIGINT]) - [1]
&amp#27;[30m2020-05-09 13:10:41,800&amp#27;[0;39m &amp#27;[39mTRACE&amp#27;[0;39m [&amp#27;[34mmain&amp#27;[0;39m] &amp#27;[33morg.hibernate.type.descriptor.sql.BasicExtractor&amp#27;[0;39m: extracted value ([created_2_14_1_] : [TIMESTAMP]) - [2020-05-08T10:12:52]
&amp#27;[30m2020-05-09 13:10:41,801&amp#27;[0;39m &amp#27;[39mTRACE&amp#27;[0;39m [&amp#27;[34mmain&amp#27;[0;39m] &amp#27;[33morg.hibernate.type.descriptor.sql.BasicExtractor&amp#27;[0;39m: extracted value ([deletest3_14_1_] : [BOOLEAN]) - [false]
&amp#27;[30m2020-05-09 13:10:41,801&amp#27;[0;39m &amp#27;[39mTRACE&amp#27;[0;39m [&amp#27;[34mmain&amp#27;[0;39m] &amp#27;[33morg.hibernate.type.descriptor.sql.BasicExtractor&amp#27;[0;39m: extracted value ([inserted4_14_1_] : [VARCHAR]) - [null]
&amp#27;[30m2020-05-09 13:10:41,802&amp#27;[0;39m &amp#27;[39mTRACE&amp#27;[0;39m [&amp#27;[34mmain&amp#27;[0;39m] &amp#27;[33morg.hibernate.type.descriptor.sql.BasicExtractor&amp#27;[0;39m: extracted value ([inserted5_14_1_] : [VARCHAR]) - [usermanagement]
&amp#27;[30m2020-05-09 13:10:41,802&amp#27;[0;39m &amp#27;[39mTRACE&amp#27;[0;39m [&amp#27;[34mmain&amp#27;[0;39m] &amp#27;[33morg.hibernate.type.descriptor.sql.BasicExtractor&amp#27;[0;39m: extracted value ([status6_14_1_] : [VARCHAR]) - [A]
&amp#27;[30m2020-05-09 13:10:41,803&amp#27;[0;39m &amp#27;[39mTRACE&amp#27;[0;39m [&amp#27;[34mmain&amp#27;[0;39m] &amp#27;[33morg.hibernate.type.descriptor.sql.BasicExtractor&amp#27;[0;39m: extracted value ([updated_7_14_1_] : [VARCHAR]) - [Abakar]
&amp#27;[30m2020-05-09 13:10:41,803&amp#27;[0;39m &amp#27;[39mTRACE&amp#27;[0;39m [&amp#27;[34mmain&amp#27;[0;39m] &amp#27;[33morg.hibernate.type.descriptor.sql.BasicExtractor&amp#27;[0;39m: extracted value ([updated_8_14_1_] : [TIMESTAMP]) - [2020-05-09T13:10:41]
&amp#27;[30m2020-05-09 13:10:41,804&amp#27;[0;39m &amp#27;[39mTRACE&amp#27;[0;39m [&amp#27;[34mmain&amp#27;[0;39m] &amp#27;[33morg.hibernate.type.descriptor.sql.BasicExtractor&amp#27;[0;39m: extracted value ([updated_9_14_1_] : [VARCHAR]) - [usermanagement]
&amp#27;[30m2020-05-09 13:10:41,804&amp#27;[0;39m &amp#27;[39mTRACE&amp#27;[0;39m [&amp#27;[34mmain&amp#27;[0;39m] &amp#27;[33morg.hibernate.type.descriptor.sql.BasicExtractor&amp#27;[0;39m: extracted value ([name10_14_1_] : [VARCHAR]) - [Read]
&amp#27;[30m2020-05-09 13:10:41,804&amp#27;[0;39m &amp#27;[39mTRACE&amp#27;[0;39m [&amp#27;[34mmain&amp#27;[0;39m] &amp#27;[33morg.hibernate.type.descriptor.sql.BasicExtractor&amp#27;[0;39m: extracted value ([role_id1_16_0_] : [BIGINT]) - [5]
&amp#27;[30m2020-05-09 13:10:41,805&amp#27;[0;39m &amp#27;[39mTRACE&amp#27;[0;39m [&amp#27;[34mmain&amp#27;[0;39m] &amp#27;[33morg.hibernate.type.descriptor.sql.BasicExtractor&amp#27;[0;39m: extracted value ([privileg2_16_0_] : [BIGINT]) - [1]
&amp#27;[30m2020-05-09 13:10:41,805&amp#27;[0;39m &amp#27;[39mTRACE&amp#27;[0;39m [&amp#27;[34mmain&amp#27;[0;39m] &amp#27;[33morg.hibernate.type.descriptor.sql.BasicExtractor&amp#27;[0;39m: extracted value ([id1_14_1_] : [BIGINT]) - [2]
&amp#27;[30m2020-05-09 13:10:41,806&amp#27;[0;39m &amp#27;[39mTRACE&amp#27;[0;39m [&amp#27;[34mmain&amp#27;[0;39m] &amp#27;[33morg.hibernate.type.descriptor.sql.BasicExtractor&amp#27;[0;39m: extracted value ([created_2_14_1_] : [TIMESTAMP]) - [2020-05-08T10:12:52]
&amp#27;[30m2020-05-09 13:10:41,806&amp#27;[0;39m &amp#27;[39mTRACE&amp#27;[0;39m [&amp#27;[34mmain&amp#27;[0;39m] &amp#27;[33morg.hibernate.type.descriptor.sql.BasicExtractor&amp#27;[0;39m: extracted value ([deletest3_14_1_] : [BOOLEAN]) - [false]
&amp#27;[30m2020-05-09 13:10:41,806&amp#27;[0;39m &amp#27;[39mTRACE&amp#27;[0;39m [&amp#27;[34mmain&amp#27;[0;39m] &amp#27;[33morg.hibernate.type.descriptor.sql.BasicExtractor&amp#27;[0;39m: extracted value ([inserted4_14_1_] : [VARCHAR]) - [null]
&amp#27;[30m2020-05-09 13:10:41,807&amp#27;[0;39m &amp#27;[39mTRACE&amp#27;[0;39m [&amp#27;[34mmain&amp#27;[0;39m] &amp#27;[33morg.hibernate.type.descriptor.sql.BasicExtractor&amp#27;[0;39m: extracted value ([inserted5_14_1_] : [VARCHAR]) - [usermanagement]
&amp#27;[30m2020-05-09 13:10:41,807&amp#27;[0;39m &amp#27;[39mTRACE&amp#27;[0;39m [&amp#27;[34mmain&amp#27;[0;39m] &amp#27;[33morg.hibernate.type.descriptor.sql.BasicExtractor&amp#27;[0;39m: extracted value ([status6_14_1_] : [VARCHAR]) - [A]
&amp#27;[30m2020-05-09 13:10:41,807&amp#27;[0;39m &amp#27;[39mTRACE&amp#27;[0;39m [&amp#27;[34mmain&amp#27;[0;39m] &amp#27;[33morg.hibernate.type.descriptor.sql.BasicExtractor&amp#27;[0;39m: extracted value ([updated_7_14_1_] : [VARCHAR]) - [null]
&amp#27;[30m2020-05-09 13:10:41,808&amp#27;[0;39m &amp#27;[39mTRACE&amp#27;[0;39m [&amp#27;[34mmain&amp#27;[0;39m] &amp#27;[33morg.hibernate.type.descriptor.sql.BasicExtractor&amp#27;[0;39m: extracted value ([updated_8_14_1_] : [TIMESTAMP]) - [null]
&amp#27;[30m2020-05-09 13:10:41,808&amp#27;[0;39m &amp#27;[39mTRACE&amp#27;[0;39m [&amp#27;[34mmain&amp#27;[0;39m] &amp#27;[33morg.hibernate.type.descriptor.sql.BasicExtractor&amp#27;[0;39m: extracted value ([updated_9_14_1_] : [VARCHAR]) - [null]
&amp#27;[30m2020-05-09 13:10:41,809&amp#27;[0;39m &amp#27;[39mTRACE&amp#27;[0;39m [&amp#27;[34mmain&amp#27;[0;39m] &amp#27;[33morg.hibernate.type.descriptor.sql.BasicExtractor&amp#27;[0;39m: extracted value ([name10_14_1_] : [VARCHAR]) - [Write]
&amp#27;[30m2020-05-09 13:10:41,809&amp#27;[0;39m &amp#27;[39mTRACE&amp#27;[0;39m [&amp#27;[34mmain&amp#27;[0;39m] &amp#27;[33morg.hibernate.type.descriptor.sql.BasicExtractor&amp#27;[0;39m: extracted value ([role_id1_16_0_] : [BIGINT]) - [5]
&amp#27;[30m2020-05-09 13:10:41,810&amp#27;[0;39m &amp#27;[39mTRACE&amp#27;[0;39m [&amp#27;[34mmain&amp#27;[0;39m] &amp#27;[33morg.hibernate.type.descriptor.sql.BasicExtractor&amp#27;[0;39m: extracted value ([privileg2_16_0_] : [BIGINT]) - [2]
&amp#27;[30m2020-05-09 13:10:41,810&amp#27;[0;39m &amp#27;[39mTRACE&amp#27;[0;39m [&amp#27;[34mmain&amp#27;[0;39m] &amp#27;[33morg.hibernate.type.descriptor.sql.BasicExtractor&amp#27;[0;39m: extracted value ([id1_14_1_] : [BIGINT]) - [3]
&amp#27;[30m2020-05-09 13:10:41,811&amp#27;[0;39m &amp#27;[39mTRACE&amp#27;[0;39m [&amp#27;[34mmain&amp#27;[0;39m] &amp#27;[33morg.hibernate.type.descriptor.sql.BasicExtractor&amp#27;[0;39m: extracted value ([created_2_14_1_] : [TIMESTAMP]) - [2020-05-08T10:12:52]
&amp#27;[30m2020-05-09 13:10:41,811&amp#27;[0;39m &amp#27;[39mTRACE&amp#27;[0;39m [&amp#27;[34mmain&amp#27;[0;39m] &amp#27;[33morg.hibernate.type.descriptor.sql.BasicExtractor&amp#27;[0;39m: extracted value ([deletest3_14_1_] : [BOOLEAN]) - [false]
&amp#27;[30m2020-05-09 13:10:41,811&amp#27;[0;39m &amp#27;[39mTRACE&amp#27;[0;39m [&amp#27;[34mmain&amp#27;[0;39m] &amp#27;[33morg.hibernate.type.descriptor.sql.BasicExtractor&amp#27;[0;39m: extracted value ([inserted4_14_1_] : [VARCHAR]) - [null]
&amp#27;[30m2020-05-09 13:10:41,812&amp#27;[0;39m &amp#27;[39mTRACE&amp#27;[0;39m [&amp#27;[34mmain&amp#27;[0;39m] &amp#27;[33morg.hibernate.type.descriptor.sql.BasicExtractor&amp#27;[0;39m: extracted value ([inserted5_14_1_] : [VARCHAR]) - [usermanagement]
&amp#27;[30m2020-05-09 13:10:41,812&amp#27;[0;39m &amp#27;[39mTRACE&amp#27;[0;39m [&amp#27;[34mmain&amp#27;[0;39m] &amp#27;[33morg.hibernate.type.descriptor.sql.BasicExtractor&amp#27;[0;39m: extracted value ([status6_14_1_] : [VARCHAR]) - [A]
&amp#27;[30m2020-05-09 13:10:41,812&amp#27;[0;39m &amp#27;[39mTRACE&amp#27;[0;39m [&amp#27;[34mmain&amp#27;[0;39m] &amp#27;[33morg.hibernate.type.descriptor.sql.BasicExtractor&amp#27;[0;39m: extracted value ([updated_7_14_1_] : [VARCHAR]) - [null]
&amp#27;[30m2020-05-09 13:10:41,813&amp#27;[0;39m &amp#27;[39mTRACE&amp#27;[0;39m [&amp#27;[34mmain&amp#27;[0;39m] &amp#27;[33morg.hibernate.type.descriptor.sql.BasicExtractor&amp#27;[0;39m: extracted value ([updated_8_14_1_] : [TIMESTAMP]) - [null]
&amp#27;[30m2020-05-09 13:10:41,813&amp#27;[0;39m &amp#27;[39mTRACE&amp#27;[0;39m [&amp#27;[34mmain&amp#27;[0;39m] &amp#27;[33morg.hibernate.type.descriptor.sql.BasicExtractor&amp#27;[0;39m: extracted value ([updated_9_14_1_] : [VARCHAR]) - [null]
&amp#27;[30m2020-05-09 13:10:41,813&amp#27;[0;39m &amp#27;[39mTRACE&amp#27;[0;39m [&amp#27;[34mmain&amp#27;[0;39m] &amp#27;[33morg.hibernate.type.descriptor.sql.BasicExtractor&amp#27;[0;39m: extracted value ([name10_14_1_] : [VARCHAR]) - [Update]
&amp#27;[30m2020-05-09 13:10:41,814&amp#27;[0;39m &amp#27;[39mTRACE&amp#27;[0;39m [&amp#27;[34mmain&amp#27;[0;39m] &amp#27;[33morg.hibernate.type.descriptor.sql.BasicExtractor&amp#27;[0;39m: extracted value ([role_id1_16_0_] : [BIGINT]) - [5]
&amp#27;[30m2020-05-09 13:10:41,814&amp#27;[0;39m &amp#27;[39mTRACE&amp#27;[0;39m [&amp#27;[34mmain&amp#27;[0;39m] &amp#27;[33morg.hibernate.type.descriptor.sql.BasicExtractor&amp#27;[0;39m: extracted value ([privileg2_16_0_] : [BIGINT]) - [3]
Hibernate: select privileges0_.role_id as role_id1_16_0_, privileges0_.privilege_id as privileg2_16_0_, privilege1_.id as id1_14_1_, privilege1_.created_on as created_2_14_1_, privilege1_.deletestatus as deletest3_14_1_, privilege1_.inserted_by as inserted4_14_1_, privilege1_.inserted_prog as inserted5_14_1_, privilege1_.status as status6_14_1_, privilege1_.updated_by as updated_7_14_1_, privilege1_.updated_on as updated_8_14_1_, privilege1_.updated_prog as updated_9_14_1_, privilege1_.name as name10_14_1_ from role_privilege privileges0_ inner join privilege privilege1_ on privileges0_.privilege_id=privilege1_.id where privileges0_.role_id=?
&amp#27;[30m2020-05-09 13:10:41,815&amp#27;[0;39m &amp#27;[39mTRACE&amp#27;[0;39m [&amp#27;[34mmain&amp#27;[0;39m] &amp#27;[33morg.hibernate.type.descriptor.sql.BasicBinder&amp#27;[0;39m: binding parameter [1] as [BIGINT] - [4]
&amp#27;[30m2020-05-09 13:10:41,819&amp#27;[0;39m &amp#27;[39mTRACE&amp#27;[0;39m [&amp#27;[34mmain&amp#27;[0;39m] &amp#27;[33morg.hibernate.type.descriptor.sql.BasicExtractor&amp#27;[0;39m: extracted value ([id1_14_1_] : [BIGINT]) - [1]
&amp#27;[30m2020-05-09 13:10:41,820&amp#27;[0;39m &amp#27;[39mTRACE&amp#27;[0;39m [&amp#27;[34mmain&amp#27;[0;39m] &amp#27;[33morg.hibernate.type.descriptor.sql.BasicExtractor&amp#27;[0;39m: extracted value ([role_id1_16_0_] : [BIGINT]) - [4]
&amp#27;[30m2020-05-09 13:10:41,820&amp#27;[0;39m &amp#27;[39mTRACE&amp#27;[0;39m [&amp#27;[34mmain&amp#27;[0;39m] &amp#27;[33morg.hibernate.type.descriptor.sql.BasicExtractor&amp#27;[0;39m: extracted value ([privileg2_16_0_] : [BIGINT]) - [1]
&amp#27;[30m2020-05-09 13:10:41,821&amp#27;[0;39m &amp#27;[39mTRACE&amp#27;[0;39m [&amp#27;[34mmain&amp#27;[0;39m] &amp#27;[33morg.hibernate.type.descriptor.sql.BasicExtractor&amp#27;[0;39m: extracted value ([id1_14_1_] : [BIGINT]) - [2]
&amp#27;[30m2020-05-09 13:10:41,821&amp#27;[0;39m &amp#27;[39mTRACE&amp#27;[0;39m [&amp#27;[34mmain&amp#27;[0;39m] &amp#27;[33morg.hibernate.type.descriptor.sql.BasicExtractor&amp#27;[0;39m: extracted value ([role_id1_16_0_] : [BIGINT]) - [4]
&amp#27;[30m2020-05-09 13:10:41,822&amp#27;[0;39m &amp#27;[39mTRACE&amp#27;[0;39m [&amp#27;[34mmain&amp#27;[0;39m] &amp#27;[33morg.hibernate.type.descriptor.sql.BasicExtractor&amp#27;[0;39m: extracted value ([privileg2_16_0_] : [BIGINT]) - [2]
&amp#27;[30m2020-05-09 13:10:41,822&amp#27;[0;39m &amp#27;[39mTRACE&amp#27;[0;39m [&amp#27;[34mmain&amp#27;[0;39m] &amp#27;[33morg.hibernate.type.descriptor.sql.BasicExtractor&amp#27;[0;39m: extracted value ([id1_14_1_] : [BIGINT]) - [3]
&amp#27;[30m2020-05-09 13:10:41,823&amp#27;[0;39m &amp#27;[39mTRACE&amp#27;[0;39m [&amp#27;[34mmain&amp#27;[0;39m] &amp#27;[33morg.hibernate.type.descriptor.sql.BasicExtractor&amp#27;[0;39m: extracted value ([role_id1_16_0_] : [BIGINT]) - [4]
&amp#27;[30m2020-05-09 13:10:41,823&amp#27;[0;39m &amp#27;[39mTRACE&amp#27;[0;39m [&amp#27;[34mmain&amp#27;[0;39m] &amp#27;[33morg.hibernate.type.descriptor.sql.BasicExtractor&amp#27;[0;39m: extracted value ([privileg2_16_0_] : [BIGINT]) - [3]
Hibernate: select privileges0_.role_id as role_id1_16_0_, privileges0_.privilege_id as privileg2_16_0_, privilege1_.id as id1_14_1_, privilege1_.created_on as created_2_14_1_, privilege1_.deletestatus as deletest3_14_1_, privilege1_.inserted_by as inserted4_14_1_, privilege1_.inserted_prog as inserted5_14_1_, privilege1_.status as status6_14_1_, privilege1_.updated_by as updated_7_14_1_, privilege1_.updated_on as updated_8_14_1_, privilege1_.updated_prog as updated_9_14_1_, privilege1_.name as name10_14_1_ from role_privilege privileges0_ inner join privilege privilege1_ on privileges0_.privilege_id=privilege1_.id where privileges0_.role_id=?
&amp#27;[30m2020-05-09 13:10:41,824&amp#27;[0;39m &amp#27;[39mTRACE&amp#27;[0;39m [&amp#27;[34mmain&amp#27;[0;39m] &amp#27;[33morg.hibernate.type.descriptor.sql.BasicBinder&amp#27;[0;39m: binding parameter [1] as [BIGINT] - [3]
Hibernate: select privileges0_.role_id as role_id1_16_0_, privileges0_.privilege_id as privileg2_16_0_, privilege1_.id as id1_14_1_, privilege1_.created_on as created_2_14_1_, privilege1_.deletestatus as deletest3_14_1_, privilege1_.inserted_by as inserted4_14_1_, privilege1_.inserted_prog as inserted5_14_1_, privilege1_.status as status6_14_1_, privilege1_.updated_by as updated_7_14_1_, privilege1_.updated_on as updated_8_14_1_, privilege1_.updated_prog as updated_9_14_1_, privilege1_.name as name10_14_1_ from role_privilege privileges0_ inner join privilege privilege1_ on privileges0_.privilege_id=privilege1_.id where privileges0_.role_id=?
&amp#27;[30m2020-05-09 13:10:41,825&amp#27;[0;39m &amp#27;[39mTRACE&amp#27;[0;39m [&amp#27;[34mmain&amp#27;[0;39m] &amp#27;[33morg.hibernate.type.descriptor.sql.BasicBinder&amp#27;[0;39m: binding parameter [1] as [BIGINT] - [2]
&amp#27;[30m2020-05-09 13:10:41,827&amp#27;[0;39m &amp#27;[39mTRACE&amp#27;[0;39m [&amp#27;[34mmain&amp#27;[0;39m] &amp#27;[33morg.hibernate.type.descriptor.sql.BasicExtractor&amp#27;[0;39m: extracted value ([id1_14_1_] : [BIGINT]) - [1]
&amp#27;[30m2020-05-09 13:10:41,827&amp#27;[0;39m &amp#27;[39mTRACE&amp#27;[0;39m [&amp#27;[34mmain&amp#27;[0;39m] &amp#27;[33morg.hibernate.type.descriptor.sql.BasicExtractor&amp#27;[0;39m: extracted value ([role_id1_16_0_] : [BIGINT]) - [2]
&amp#27;[30m2020-05-09 13:10:41,828&amp#27;[0;39m &amp#27;[39mTRACE&amp#27;[0;39m [&amp#27;[34mmain&amp#27;[0;39m] &amp#27;[33morg.hibernate.type.descriptor.sql.BasicExtractor&amp#27;[0;39m: extracted value ([privileg2_16_0_] : [BIGINT]) - [1]
&amp#27;[30m2020-05-09 13:10:41,828&amp#27;[0;39m &amp#27;[39mTRACE&amp#27;[0;39m [&amp#27;[34mmain&amp#27;[0;39m] &amp#27;[33morg.hibernate.type.descriptor.sql.BasicExtractor&amp#27;[0;39m: extracted value ([id1_14_1_] : [BIGINT]) - [2]
&amp#27;[30m2020-05-09 13:10:41,828&amp#27;[0;39m &amp#27;[39mTRACE&amp#27;[0;39m [&amp#27;[34mmain&amp#27;[0;39m] &amp#27;[33morg.hibernate.type.descriptor.sql.BasicExtractor&amp#27;[0;39m: extracted value ([role_id1_16_0_] : [BIGINT]) - [2]
&amp#27;[30m2020-05-09 13:10:41,829&amp#27;[0;39m &amp#27;[39mTRACE&amp#27;[0;39m [&amp#27;[34mmain&amp#27;[0;39m] &amp#27;[33morg.hibernate.type.descriptor.sql.BasicExtractor&amp#27;[0;39m: extracted value ([privileg2_16_0_] : [BIGINT]) - [2]
&amp#27;[30m2020-05-09 13:10:41,829&amp#27;[0;39m &amp#27;[39mTRACE&amp#27;[0;39m [&amp#27;[34mmain&amp#27;[0;39m] &amp#27;[33morg.hibernate.type.descriptor.sql.BasicExtractor&amp#27;[0;39m: extracted value ([id1_14_1_] : [BIGINT]) - [3]
&amp#27;[30m2020-05-09 13:10:41,830&amp#27;[0;39m &amp#27;[39mTRACE&amp#27;[0;39m [&amp#27;[34mmain&amp#27;[0;39m] &amp#27;[33morg.hibernate.type.descriptor.sql.BasicExtractor&amp#27;[0;39m: extracted value ([role_id1_16_0_] : [BIGINT]) - [2]
&amp#27;[30m2020-05-09 13:10:41,830&amp#27;[0;39m &amp#27;[39mTRACE&amp#27;[0;39m [&amp#27;[34mmain&amp#27;[0;39m] &amp#27;[33morg.hibernate.type.descriptor.sql.BasicExtractor&amp#27;[0;39m: extracted value ([privileg2_16_0_] : [BIGINT]) - [3]
Hibernate: select privilege0_.id as id1_14_, privilege0_.created_on as created_2_14_, privilege0_.deletestatus as deletest3_14_, privilege0_.inserted_by as inserted4_14_, privilege0_.inserted_prog as inserted5_14_, privilege0_.status as status6_14_, privilege0_.updated_by as updated_7_14_, privilege0_.updated_on as updated_8_14_, privilege0_.updated_prog as updated_9_14_, privilege0_.name as name10_14_ from privilege privilege0_
&amp#27;[30m2020-05-09 13:10:41,832&amp#27;[0;39m &amp#27;[39mTRACE&amp#27;[0;39m [&amp#27;[34mmain&amp#27;[0;39m] &amp#27;[33morg.hibernate.type.descriptor.sql.BasicExtractor&amp#27;[0;39m: extracted value ([id1_14_] : [BIGINT]) - [1]
&amp#27;[30m2020-05-09 13:10:41,833&amp#27;[0;39m &amp#27;[39mTRACE&amp#27;[0;39m [&amp#27;[34mmain&amp#27;[0;39m] &amp#27;[33morg.hibernate.type.descriptor.sql.BasicExtractor&amp#27;[0;39m: extracted value ([created_2_14_] : [TIMESTAMP]) - [2020-05-08T10:12:52]
&amp#27;[30m2020-05-09 13:10:41,833&amp#27;[0;39m &amp#27;[39mTRACE&amp#27;[0;39m [&amp#27;[34mmain&amp#27;[0;39m] &amp#27;[33morg.hibernate.type.descriptor.sql.BasicExtractor&amp#27;[0;39m: extracted value ([deletest3_14_] : [BOOLEAN]) - [false]
&amp#27;[30m2020-05-09 13:10:41,834&amp#27;[0;39m &amp#27;[39mTRACE&amp#27;[0;39m [&amp#27;[34mmain&amp#27;[0;39m] &amp#27;[33morg.hibernate.type.descriptor.sql.BasicExtractor&amp#27;[0;39m: extracted value ([inserted4_14_] : [VARCHAR]) - [null]
&amp#27;[30m2020-05-09 13:10:41,834&amp#27;[0;39m &amp#27;[39mTRACE&amp#27;[0;39m [&amp#27;[34mmain&amp#27;[0;39m] &amp#27;[33morg.hibernate.type.descriptor.sql.BasicExtractor&amp#27;[0;39m: extracted value ([inserted5_14_] : [VARCHAR]) - [usermanagement]
&amp#27;[30m2020-05-09 13:10:41,834&amp#27;[0;39m &amp#27;[39mTRACE&amp#27;[0;39m [&amp#27;[34mmain&amp#27;[0;39m] &amp#27;[33morg.hibernate.type.descriptor.sql.BasicExtractor&amp#27;[0;39m: extracted value ([status6_14_] : [VARCHAR]) - [A]
&amp#27;[30m2020-05-09 13:10:41,835&amp#27;[0;39m &amp#27;[39mTRACE&amp#27;[0;39m [&amp#27;[34mmain&amp#27;[0;39m] &amp#27;[33morg.hibernate.type.descriptor.sql.BasicExtractor&amp#27;[0;39m: extracted value ([updated_7_14_] : [VARCHAR]) - [Abakar]
&amp#27;[30m2020-05-09 13:10:41,835&amp#27;[0;39m &amp#27;[39mTRACE&amp#27;[0;39m [&amp#27;[34mmain&amp#27;[0;39m] &amp#27;[33morg.hibernate.type.descriptor.sql.BasicExtractor&amp#27;[0;39m: extracted value ([updated_8_14_] : [TIMESTAMP]) - [2020-05-09T13:10:41]
&amp#27;[30m2020-05-09 13:10:41,835&amp#27;[0;39m &amp#27;[39mTRACE&amp#27;[0;39m [&amp#27;[34mmain&amp#27;[0;39m] &amp#27;[33morg.hibernate.type.descriptor.sql.BasicExtractor&amp#27;[0;39m: extracted value ([updated_9_14_] : [VARCHAR]) - [usermanagement]
&amp#27;[30m2020-05-09 13:10:41,836&amp#27;[0;39m &amp#27;[39mTRACE&amp#27;[0;39m [&amp#27;[34mmain&amp#27;[0;39m] &amp#27;[33morg.hibernate.type.descriptor.sql.BasicExtractor&amp#27;[0;39m: extracted value ([name10_14_] : [VARCHAR]) - [Read]
&amp#27;[30m2020-05-09 13:10:41,836&amp#27;[0;39m &amp#27;[39mTRACE&amp#27;[0;39m [&amp#27;[34mmain&amp#27;[0;39m] &amp#27;[33morg.hibernate.type.descriptor.sql.BasicExtractor&amp#27;[0;39m: extracted value ([id1_14_] : [BIGINT]) - [2]
&amp#27;[30m2020-05-09 13:10:41,836&amp#27;[0;39m &amp#27;[39mTRACE&amp#27;[0;39m [&amp#27;[34mmain&amp#27;[0;39m] &amp#27;[33morg.hibernate.type.descriptor.sql.BasicExtractor&amp#27;[0;39m: extracted value ([created_2_14_] : [TIMESTAMP]) - [2020-05-08T10:12:52]
&amp#27;[30m2020-05-09 13:10:41,837&amp#27;[0;39m &amp#27;[39mTRACE&amp#27;[0;39m [&amp#27;[34mmain&amp#27;[0;39m] &amp#27;[33morg.hibernate.type.descriptor.sql.BasicExtractor&amp#27;[0;39m: extracted value ([deletest3_14_] : [BOOLEAN]) - [false]
&amp#27;[30m2020-05-09 13:10:41,837&amp#27;[0;39m &amp#27;[39mTRACE&amp#27;[0;39m [&amp#27;[34mmain&amp#27;[0;39m] &amp#27;[33morg.hibernate.type.descriptor.sql.BasicExtractor&amp#27;[0;39m: extracted value ([inserted4_14_] : [VARCHAR]) - [null]
&amp#27;[30m2020-05-09 13:10:41,837&amp#27;[0;39m &amp#27;[39mTRACE&amp#27;[0;39m [&amp#27;[34mmain&amp#27;[0;39m] &amp#27;[33morg.hibernate.type.descriptor.sql.BasicExtractor&amp#27;[0;39m: extracted value ([inserted5_14_] : [VARCHAR]) - [usermanagement]
&amp#27;[30m2020-05-09 13:10:41,838&amp#27;[0;39m &amp#27;[39mTRACE&amp#27;[0;39m [&amp#27;[34mmain&amp#27;[0;39m] &amp#27;[33morg.hibernate.type.descriptor.sql.BasicExtractor&amp#27;[0;39m: extracted value ([status6_14_] : [VARCHAR]) - [A]
&amp#27;[30m2020-05-09 13:10:41,838&amp#27;[0;39m &amp#27;[39mTRACE&amp#27;[0;39m [&amp#27;[34mmain&amp#27;[0;39m] &amp#27;[33morg.hibernate.type.descriptor.sql.BasicExtractor&amp#27;[0;39m: extracted value ([updated_7_14_] : [VARCHAR]) - [null]
&amp#27;[30m2020-05-09 13:10:41,838&amp#27;[0;39m &amp#27;[39mTRACE&amp#27;[0;39m [&amp#27;[34mmain&amp#27;[0;39m] &amp#27;[33morg.hibernate.type.descriptor.sql.BasicExtractor&amp#27;[0;39m: extracted value ([updated_8_14_] : [TIMESTAMP]) - [null]
&amp#27;[30m2020-05-09 13:10:41,839&amp#27;[0;39m &amp#27;[39mTRACE&amp#27;[0;39m [&amp#27;[34mmain&amp#27;[0;39m] &amp#27;[33morg.hibernate.type.descriptor.sql.BasicExtractor&amp#27;[0;39m: extracted value ([updated_9_14_] : [VARCHAR]) - [null]
&amp#27;[30m2020-05-09 13:10:41,839&amp#27;[0;39m &amp#27;[39mTRACE&amp#27;[0;39m [&amp#27;[34mmain&amp#27;[0;39m] &amp#27;[33morg.hibernate.type.descriptor.sql.BasicExtractor&amp#27;[0;39m: extracted value ([name10_14_] : [VARCHAR]) - [Write]
&amp#27;[30m2020-05-09 13:10:41,839&amp#27;[0;39m &amp#27;[39mTRACE&amp#27;[0;39m [&amp#27;[34mmain&amp#27;[0;39m] &amp#27;[33morg.hibernate.type.descriptor.sql.BasicExtractor&amp#27;[0;39m: extracted value ([id1_14_] : [BIGINT]) - [3]
&amp#27;[30m2020-05-09 13:10:41,840&amp#27;[0;39m &amp#27;[39mTRACE&amp#27;[0;39m [&amp#27;[34mmain&amp#27;[0;39m] &amp#27;[33morg.hibernate.type.descriptor.sql.BasicExtractor&amp#27;[0;39m: extracted value ([created_2_14_] : [TIMESTAMP]) - [2020-05-08T10:12:52]
&amp#27;[30m2020-05-09 13:10:41,840&amp#27;[0;39m &amp#27;[39mTRACE&amp#27;[0;39m [&amp#27;[34mmain&amp#27;[0;39m] &amp#27;[33morg.hibernate.type.descriptor.sql.BasicExtractor&amp#27;[0;39m: extracted value ([deletest3_14_] : [BOOLEAN]) - [false]
&amp#27;[30m2020-05-09 13:10:41,840&amp#27;[0;39m &amp#27;[39mTRACE&amp#27;[0;39m [&amp#27;[34mmain&amp#27;[0;39m] &amp#27;[33morg.hibernate.type.descriptor.sql.BasicExtractor&amp#27;[0;39m: extracted value ([inserted4_14_] : [VARCHAR]) - [null]
&amp#27;[30m2020-05-09 13:10:41,841&amp#27;[0;39m &amp#27;[39mTRACE&amp#27;[0;39m [&amp#27;[34mmain&amp#27;[0;39m] &amp#27;[33morg.hibernate.type.descriptor.sql.BasicExtractor&amp#27;[0;39m: extracted value ([inserted5_14_] : [VARCHAR]) - [usermanagement]
&amp#27;[30m2020-05-09 13:10:41,841&amp#27;[0;39m &amp#27;[39mTRACE&amp#27;[0;39m [&amp#27;[34mmain&amp#27;[0;39m] &amp#27;[33morg.hibernate.type.descriptor.sql.BasicExtractor&amp#27;[0;39m: extracted value ([status6_14_] : [VARCHAR]) - [A]
&amp#27;[30m2020-05-09 13:10:41,841&amp#27;[0;39m &amp#27;[39mTRACE&amp#27;[0;39m [&amp#27;[34mmain&amp#27;[0;39m] &amp#27;[33morg.hibernate.type.descriptor.sql.BasicExtractor&amp#27;[0;39m: extracted value ([updated_7_14_] : [VARCHAR]) - [null]
&amp#27;[30m2020-05-09 13:10:41,842&amp#27;[0;39m &amp#27;[39mTRACE&amp#27;[0;39m [&amp#27;[34mmain&amp#27;[0;39m] &amp#27;[33morg.hibernate.type.descriptor.sql.BasicExtractor&amp#27;[0;39m: extracted value ([updated_8_14_] : [TIMESTAMP]) - [null]
&amp#27;[30m2020-05-09 13:10:41,842&amp#27;[0;39m &amp#27;[39mTRACE&amp#27;[0;39m [&amp#27;[34mmain&amp#27;[0;39m] &amp#27;[33morg.hibernate.type.descriptor.sql.BasicExtractor&amp#27;[0;39m: extracted value ([updated_9_14_] : [VARCHAR]) - [null]
&amp#27;[30m2020-05-09 13:10:41,842&amp#27;[0;39m &amp#27;[39mTRACE&amp#27;[0;39m [&amp#27;[34mmain&amp#27;[0;39m] &amp#27;[33morg.hibernate.type.descriptor.sql.BasicExtractor&amp#27;[0;39m: extracted value ([name10_14_] : [VARCHAR]) - [Update]
&amp#27;[30m2020-05-09 13:10:41,843&amp#27;[0;39m &amp#27;[39mTRACE&amp#27;[0;39m [&amp#27;[34mmain&amp#27;[0;39m] &amp#27;[33morg.hibernate.type.descriptor.sql.BasicExtractor&amp#27;[0;39m: extracted value ([id1_14_] : [BIGINT]) - [4]
&amp#27;[30m2020-05-09 13:10:41,843&amp#27;[0;39m &amp#27;[39mTRACE&amp#27;[0;39m [&amp#27;[34mmain&amp#27;[0;39m] &amp#27;[33morg.hibernate.type.descriptor.sql.BasicExtractor&amp#27;[0;39m: extracted value ([created_2_14_] : [TIMESTAMP]) - [2020-05-08T10:12:52]
&amp#27;[30m2020-05-09 13:10:41,844&amp#27;[0;39m &amp#27;[39mTRACE&amp#27;[0;39m [&amp#27;[34mmain&amp#27;[0;39m] &amp#27;[33morg.hibernate.type.descriptor.sql.BasicExtractor&amp#27;[0;39m: extracted value ([deletest3_14_] : [BOOLEAN]) - [false]
&amp#27;[30m2020-05-09 13:10:41,844&amp#27;[0;39m &amp#27;[39mTRACE&amp#27;[0;39m [&amp#27;[34mmain&amp#27;[0;39m] &amp#27;[33morg.hibernate.type.descriptor.sql.BasicExtractor&amp#27;[0;39m: extracted value ([inserted4_14_] : [VARCHAR]) - [null]
&amp#27;[30m2020-05-09 13:10:41,844&amp#27;[0;39m &amp#27;[39mTRACE&amp#27;[0;39m [&amp#27;[34mmain&amp#27;[0;39m] &amp#27;[33morg.hibernate.type.descriptor.sql.BasicExtractor&amp#27;[0;39m: extracted value ([inserted5_14_] : [VARCHAR]) - [usermanagement]
&amp#27;[30m2020-05-09 13:10:41,845&amp#27;[0;39m &amp#27;[39mTRACE&amp#27;[0;39m [&amp#27;[34mmain&amp#27;[0;39m] &amp#27;[33morg.hibernate.type.descriptor.sql.BasicExtractor&amp#27;[0;39m: extracted value ([status6_14_] : [VARCHAR]) - [A]
&amp#27;[30m2020-05-09 13:10:41,845&amp#27;[0;39m &amp#27;[39mTRACE&amp#27;[0;39m [&amp#27;[34mmain&amp#27;[0;39m] &amp#27;[33morg.hibernate.type.descriptor.sql.BasicExtractor&amp#27;[0;39m: extracted value ([updated_7_14_] : [VARCHAR]) - [null]
&amp#27;[30m2020-05-09 13:10:41,845&amp#27;[0;39m &amp#27;[39mTRACE&amp#27;[0;39m [&amp#27;[34mmain&amp#27;[0;39m] &amp#27;[33morg.hibernate.type.descriptor.sql.BasicExtractor&amp#27;[0;39m: extracted value ([updated_8_14_] : [TIMESTAMP]) - [null]
&amp#27;[30m2020-05-09 13:10:41,845&amp#27;[0;39m &amp#27;[39mTRACE&amp#27;[0;39m [&amp#27;[34mmain&amp#27;[0;39m] &amp#27;[33morg.hibernate.type.descriptor.sql.BasicExtractor&amp#27;[0;39m: extracted value ([updated_9_14_] : [VARCHAR]) - [null]
&amp#27;[30m2020-05-09 13:10:41,846&amp#27;[0;39m &amp#27;[39mTRACE&amp#27;[0;39m [&amp#27;[34mmain&amp#27;[0;39m] &amp#27;[33morg.hibernate.type.descriptor.sql.BasicExtractor&amp#27;[0;39m: extracted value ([name10_14_] : [VARCHAR]) - [Delete]
Hibernate: INSERT INTO ROLE_PRIVILEGE(role_id, privilege_id) values(?, ?)
&amp#27;[30m2020-05-09 13:10:41,849&amp#27;[0;39m &amp#27;[39mTRACE&amp#27;[0;39m [&amp#27;[34mmain&amp#27;[0;39m] &amp#27;[33morg.hibernate.type.descriptor.sql.BasicBinder&amp#27;[0;39m: binding parameter [1] as [BIGINT] - [2]
&amp#27;[30m2020-05-09 13:10:41,850&amp#27;[0;39m &amp#27;[39mTRACE&amp#27;[0;39m [&amp#27;[34mmain&amp#27;[0;39m] &amp#27;[33morg.hibernate.type.descriptor.sql.BasicBinder&amp#27;[0;39m: binding parameter [2] as [BIGINT] - [1]
&amp#27;[30m2020-05-09 13:10:41,851&amp#27;[0;39m &amp#27;[31mWARN &amp#27;[0;39m [&amp#27;[34mmain&amp#27;[0;39m] &amp#27;[33morg.hibernate.engine.jdbc.spi.SqlExceptionHelper&amp#27;[0;39m: SQL Error: 1062, SQLState: 23000
&amp#27;[30m2020-05-09 13:10:41,851&amp#27;[0;39m &amp#27;[1;31mERROR&amp#27;[0;39m [&amp#27;[34mmain&amp#27;[0;39m] &amp#27;[33morg.hibernate.engine.jdbc.spi.SqlExceptionHelper&amp#27;[0;39m: Duplicate entry '2-1' for key 'role_privilege.PRIMARY'
]]></system-out>
  </testcase>
  <testcase name="testFindOne" classname="com.bytmasoft.um.services.RoleServiceTest" time="0.006">
    <error message="There is no role with this id: 6" type="com.bytmasoft.common.exception.MyEntityNotFoundException">com.bytmasoft.common.exception.MyEntityNotFoundException: There is no role with this id: 6
	at com.bytmasoft.um.services.RoleServiceTest.testFindOne(RoleServiceTest.java:73)
</error>
    <system-out><![CDATA[Hibernate: select role0_.id as id1_15_0_, role0_.created_on as created_2_15_0_, role0_.deletestatus as deletest3_15_0_, role0_.inserted_by as inserted4_15_0_, role0_.inserted_prog as inserted5_15_0_, role0_.status as status6_15_0_, role0_.updated_by as updated_7_15_0_, role0_.updated_on as updated_8_15_0_, role0_.updated_prog as updated_9_15_0_, role0_.name as name10_15_0_, role0_.type as type11_15_0_, privileges1_.role_id as role_id1_16_1_, privilege2_.id as privileg2_16_1_, privilege2_.id as id1_14_2_, privilege2_.created_on as created_2_14_2_, privilege2_.deletestatus as deletest3_14_2_, privilege2_.inserted_by as inserted4_14_2_, privilege2_.inserted_prog as inserted5_14_2_, privilege2_.status as status6_14_2_, privilege2_.updated_by as updated_7_14_2_, privilege2_.updated_on as updated_8_14_2_, privilege2_.updated_prog as updated_9_14_2_, privilege2_.name as name10_14_2_ from role role0_ left outer join role_privilege privileges1_ on role0_.id=privileges1_.role_id left outer join privilege privilege2_ on privileges1_.privilege_id=privilege2_.id where role0_.id=?
&amp#27;[30m2020-05-09 13:10:41,858&amp#27;[0;39m &amp#27;[39mTRACE&amp#27;[0;39m [&amp#27;[34mmain&amp#27;[0;39m] &amp#27;[33morg.hibernate.type.descriptor.sql.BasicBinder&amp#27;[0;39m: binding parameter [1] as [BIGINT] - [6]
]]></system-out>
  </testcase>
  <testcase name="ContextLoads" classname="com.bytmasoft.um.services.RoleServiceTest" time="0.004"/>
</testsuite>